20-Nov-2017 13:55:23.721 INFO [main] org.apache.catalina.core.AprLifecycleListener.init The APR based Apache Tomcat Native library which allows optimal performance in production environments was not found on the java.library.path: /usr/java/packages/lib/amd64:/usr/lib64:/lib64:/lib:/usr/lib
20-Nov-2017 13:55:23.886 INFO [main] org.apache.coyote.AbstractProtocol.init Initializing ProtocolHandler ["http-nio-8080"]
20-Nov-2017 13:55:23.898 INFO [main] org.apache.tomcat.util.net.NioSelectorPool.getSharedSelector Using a shared selector for servlet write/read
20-Nov-2017 13:55:23.900 INFO [main] org.apache.coyote.AbstractProtocol.init Initializing ProtocolHandler ["ajp-nio-8009"]
20-Nov-2017 13:55:23.901 INFO [main] org.apache.tomcat.util.net.NioSelectorPool.getSharedSelector Using a shared selector for servlet write/read
20-Nov-2017 13:55:23.901 INFO [main] org.apache.catalina.startup.Catalina.load Initialization processed in 394 ms
20-Nov-2017 13:55:23.918 INFO [main] org.apache.catalina.core.StandardService.startInternal Démarrage du service Catalina
20-Nov-2017 13:55:23.918 INFO [main] org.apache.catalina.core.StandardEngine.startInternal Starting Servlet Engine: Apache Tomcat/8.0.12
20-Nov-2017 13:55:23.926 INFO [localhost-startStop-1] org.apache.catalina.startup.HostConfig.deployDirectory Déploiement du répertoire /home/infoetu/marchant/bdd/TP3.4b/tomcat8/webapps/ROOT de l'application web
20-Nov-2017 13:55:24.173 INFO [localhost-startStop-1] org.apache.jasper.servlet.TldScanner.scanJars At least one JAR was scanned for TLDs yet contained no TLDs. Enable debug logging for this logger for a complete list of JARs that were scanned but no TLDs were found in them. Skipping unneeded JARs during scanning can improve startup time and JSP compilation time.
20-Nov-2017 13:55:24.222 INFO [localhost-startStop-1] org.apache.catalina.startup.HostConfig.deployDirectory Deployment of web application directory /home/infoetu/marchant/bdd/TP3.4b/tomcat8/webapps/ROOT has finished in 294 ms
20-Nov-2017 13:55:24.223 INFO [localhost-startStop-1] org.apache.catalina.startup.HostConfig.deployDirectory Déploiement du répertoire /home/infoetu/marchant/bdd/TP3.4b/tomcat8/webapps/vide de l'application web
20-Nov-2017 13:55:24.349 INFO [localhost-startStop-1] org.apache.jasper.servlet.TldScanner.scanJars At least one JAR was scanned for TLDs yet contained no TLDs. Enable debug logging for this logger for a complete list of JARs that were scanned but no TLDs were found in them. Skipping unneeded JARs during scanning can improve startup time and JSP compilation time.
20-Nov-2017 13:55:24.364 INFO [localhost-startStop-1] org.apache.catalina.startup.HostConfig.deployDirectory Deployment of web application directory /home/infoetu/marchant/bdd/TP3.4b/tomcat8/webapps/vide has finished in 141 ms
20-Nov-2017 13:55:24.365 INFO [localhost-startStop-1] org.apache.catalina.startup.HostConfig.deployDirectory Déploiement du répertoire /home/infoetu/marchant/bdd/TP3.4b/tomcat8/webapps/manager de l'application web
20-Nov-2017 13:55:24.429 INFO [localhost-startStop-1] org.apache.jasper.servlet.TldScanner.scanJars At least one JAR was scanned for TLDs yet contained no TLDs. Enable debug logging for this logger for a complete list of JARs that were scanned but no TLDs were found in them. Skipping unneeded JARs during scanning can improve startup time and JSP compilation time.
20-Nov-2017 13:55:24.433 INFO [localhost-startStop-1] org.apache.catalina.startup.HostConfig.deployDirectory Deployment of web application directory /home/infoetu/marchant/bdd/TP3.4b/tomcat8/webapps/manager has finished in 68 ms
20-Nov-2017 13:55:24.434 INFO [localhost-startStop-1] org.apache.catalina.startup.HostConfig.deployDirectory Déploiement du répertoire /home/infoetu/marchant/bdd/TP3.4b/tomcat8/webapps/host-manager de l'application web
20-Nov-2017 13:55:24.488 INFO [localhost-startStop-1] org.apache.jasper.servlet.TldScanner.scanJars At least one JAR was scanned for TLDs yet contained no TLDs. Enable debug logging for this logger for a complete list of JARs that were scanned but no TLDs were found in them. Skipping unneeded JARs during scanning can improve startup time and JSP compilation time.
20-Nov-2017 13:55:24.490 INFO [localhost-startStop-1] org.apache.catalina.startup.HostConfig.deployDirectory Deployment of web application directory /home/infoetu/marchant/bdd/TP3.4b/tomcat8/webapps/host-manager has finished in 56 ms
20-Nov-2017 13:55:24.491 INFO [main] org.apache.coyote.AbstractProtocol.start Starting ProtocolHandler ["http-nio-8080"]
20-Nov-2017 13:55:24.494 INFO [main] org.apache.coyote.AbstractProtocol.start Starting ProtocolHandler ["ajp-nio-8009"]
20-Nov-2017 13:55:24.495 INFO [main] org.apache.catalina.startup.Catalina.start Server startup in 593 ms
20-Nov-2017 13:56:12.315 INFO [Thread-5] org.apache.coyote.AbstractProtocol.pause Pausing ProtocolHandler ["http-nio-8080"]
20-Nov-2017 13:56:12.366 INFO [Thread-5] org.apache.coyote.AbstractProtocol.pause Pausing ProtocolHandler ["ajp-nio-8009"]
20-Nov-2017 13:56:12.416 INFO [Thread-5] org.apache.catalina.core.StandardService.stopInternal Arrêt du service Catalina
20-Nov-2017 13:56:12.438 INFO [Thread-5] org.apache.coyote.AbstractProtocol.stop Stopping ProtocolHandler ["http-nio-8080"]
20-Nov-2017 13:56:12.444 INFO [Thread-5] org.apache.coyote.AbstractProtocol.stop Stopping ProtocolHandler ["ajp-nio-8009"]
20-Nov-2017 13:56:12.445 INFO [Thread-5] org.apache.coyote.AbstractProtocol.destroy Destroying ProtocolHandler ["http-nio-8080"]
20-Nov-2017 13:56:12.445 INFO [Thread-5] org.apache.coyote.AbstractProtocol.destroy Destroying ProtocolHandler ["ajp-nio-8009"]
