16-Jun-2018 01:53:48.516 INFO [main] org.apache.catalina.core.AprLifecycleListener.init The APR based Apache Tomcat Native library which allows optimal performance in production environments was not found on the java.library.path: C:\Program Files\Java\jdk1.8.0_121\bin;C:\WINDOWS\Sun\Java\bin;C:\WINDOWS\system32;C:\WINDOWS;C:\Program Files (x86)\Intel\iCLS Client\;C:\ProgramData\Oracle\Java\javapath;C:\Program Files\Intel\iCLS Client\;C:\windows\system32;C:\windows;C:\windows\System32\Wbem;C:\windows\System32\WindowsPowerShell\v1.0\;C:\Program Files (x86)\NVIDIA Corporation\PhysX\Common;C:\WINDOWS\system32;C:\WINDOWS;C:\WINDOWS\System32\Wbem;C:\WINDOWS\System32\WindowsPowerShell\v1.0\;C:\Program Files\Git\cmd;C:\Program Files (x86)\Skype\Phone\;C:\Program Files\Intel\WiFi\bin\;C:\Program Files\Common Files\Intel\WirelessCommon\;C:\Program Files (x86)\OpenVPN\bin;C:\Program Files (x86)\Intel\Intel(R) Management Engine Components\DAL;C:\Program Files\Intel\Intel(R) Management Engine Components\DAL;C:\Program Files (x86)\Intel\Intel(R) Management Engine Components\IPT;C:\Program Files\Intel\Intel(R) Management Engine Components\IPT;C:\Program Files\Java\jdk1.8.0_121\bin;C:\Program Files (x86)\Apache\apache-maven\apache-maven-3.5.3\bin;C:\Program Files (x86)\Apache\sqlite;;C:\WINDOWS\System32\OpenSSH\;C:\Users\tom\AppData\Local\Microsoft\WindowsApps;;.
16-Jun-2018 01:53:49.821 INFO [main] org.apache.coyote.AbstractProtocol.init Initializing ProtocolHandler ["http-nio-8080"]
16-Jun-2018 01:53:50.479 INFO [main] org.apache.tomcat.util.net.NioSelectorPool.getSharedSelector Using a shared selector for servlet write/read
16-Jun-2018 01:53:50.494 INFO [main] org.apache.coyote.AbstractProtocol.init Initializing ProtocolHandler ["ajp-nio-8009"]
16-Jun-2018 01:53:50.496 INFO [main] org.apache.tomcat.util.net.NioSelectorPool.getSharedSelector Using a shared selector for servlet write/read
16-Jun-2018 01:53:50.497 INFO [main] org.apache.catalina.startup.Catalina.load Initialization processed in 2287 ms
16-Jun-2018 01:53:50.605 INFO [main] org.apache.catalina.core.StandardService.startInternal Démarrage du service Catalina
16-Jun-2018 01:53:50.610 INFO [main] org.apache.catalina.core.StandardEngine.startInternal Starting Servlet Engine: Apache Tomcat/8.0.12
16-Jun-2018 01:53:50.633 INFO [localhost-startStop-1] org.apache.catalina.startup.HostConfig.deployDirectory Déploiement du répertoire C:\Users\tom\Documents\Cours\bdd\HitchHike\tomcat8\webapps\host-manager de l'application web
16-Jun-2018 01:53:51.647 INFO [localhost-startStop-1] org.apache.jasper.servlet.TldScanner.scanJars At least one JAR was scanned for TLDs yet contained no TLDs. Enable debug logging for this logger for a complete list of JARs that were scanned but no TLDs were found in them. Skipping unneeded JARs during scanning can improve startup time and JSP compilation time.
16-Jun-2018 01:53:51.805 INFO [localhost-startStop-1] org.apache.catalina.startup.HostConfig.deployDirectory Deployment of web application directory C:\Users\tom\Documents\Cours\bdd\HitchHike\tomcat8\webapps\host-manager has finished in 1 156 ms
16-Jun-2018 01:53:51.813 INFO [localhost-startStop-1] org.apache.catalina.startup.HostConfig.deployDirectory Déploiement du répertoire C:\Users\tom\Documents\Cours\bdd\HitchHike\tomcat8\webapps\manager de l'application web
16-Jun-2018 01:53:52.006 INFO [localhost-startStop-1] org.apache.jasper.servlet.TldScanner.scanJars At least one JAR was scanned for TLDs yet contained no TLDs. Enable debug logging for this logger for a complete list of JARs that were scanned but no TLDs were found in them. Skipping unneeded JARs during scanning can improve startup time and JSP compilation time.
16-Jun-2018 01:53:52.007 INFO [localhost-startStop-1] org.apache.catalina.startup.HostConfig.deployDirectory Deployment of web application directory C:\Users\tom\Documents\Cours\bdd\HitchHike\tomcat8\webapps\manager has finished in 194 ms
16-Jun-2018 01:53:52.007 INFO [localhost-startStop-1] org.apache.catalina.startup.HostConfig.deployDirectory Déploiement du répertoire C:\Users\tom\Documents\Cours\bdd\HitchHike\tomcat8\webapps\Ressources de l'application web
16-Jun-2018 01:53:52.130 INFO [localhost-startStop-1] org.apache.jasper.servlet.TldScanner.scanJars At least one JAR was scanned for TLDs yet contained no TLDs. Enable debug logging for this logger for a complete list of JARs that were scanned but no TLDs were found in them. Skipping unneeded JARs during scanning can improve startup time and JSP compilation time.
16-Jun-2018 01:53:52.165 INFO [localhost-startStop-1] org.apache.catalina.startup.HostConfig.deployDirectory Deployment of web application directory C:\Users\tom\Documents\Cours\bdd\HitchHike\tomcat8\webapps\Ressources has finished in 158 ms
16-Jun-2018 01:53:52.167 INFO [localhost-startStop-1] org.apache.catalina.startup.HostConfig.deployDirectory Déploiement du répertoire C:\Users\tom\Documents\Cours\bdd\HitchHike\tomcat8\webapps\ROOT de l'application web
16-Jun-2018 01:53:52.309 INFO [localhost-startStop-1] org.apache.jasper.servlet.TldScanner.scanJars At least one JAR was scanned for TLDs yet contained no TLDs. Enable debug logging for this logger for a complete list of JARs that were scanned but no TLDs were found in them. Skipping unneeded JARs during scanning can improve startup time and JSP compilation time.
16-Jun-2018 01:53:52.319 INFO [localhost-startStop-1] org.apache.catalina.startup.HostConfig.deployDirectory Deployment of web application directory C:\Users\tom\Documents\Cours\bdd\HitchHike\tomcat8\webapps\ROOT has finished in 152 ms
16-Jun-2018 01:53:52.319 INFO [localhost-startStop-1] org.apache.catalina.startup.HostConfig.deployDirectory Déploiement du répertoire C:\Users\tom\Documents\Cours\bdd\HitchHike\tomcat8\webapps\vide de l'application web
16-Jun-2018 01:53:52.860 INFO [localhost-startStop-1] org.apache.jasper.servlet.TldScanner.scanJars At least one JAR was scanned for TLDs yet contained no TLDs. Enable debug logging for this logger for a complete list of JARs that were scanned but no TLDs were found in them. Skipping unneeded JARs during scanning can improve startup time and JSP compilation time.
16-Jun-2018 01:53:52.863 INFO [localhost-startStop-1] org.apache.catalina.startup.HostConfig.deployDirectory Deployment of web application directory C:\Users\tom\Documents\Cours\bdd\HitchHike\tomcat8\webapps\vide has finished in 544 ms
16-Jun-2018 01:53:52.870 INFO [main] org.apache.coyote.AbstractProtocol.start Starting ProtocolHandler ["http-nio-8080"]
16-Jun-2018 01:53:52.892 INFO [main] org.apache.coyote.AbstractProtocol.start Starting ProtocolHandler ["ajp-nio-8009"]
16-Jun-2018 01:53:52.895 INFO [main] org.apache.catalina.startup.Catalina.start Server startup in 2397 ms
