29-May-2018 18:02:34.576 INFO [main] org.apache.catalina.core.AprLifecycleListener.init The APR based Apache Tomcat Native library which allows optimal performance in production environments was not found on the java.library.path: C:\Program Files\Java\jdk1.8.0_121\bin;C:\WINDOWS\Sun\Java\bin;C:\WINDOWS\system32;C:\WINDOWS;C:\Program Files (x86)\Intel\iCLS Client\;C:\ProgramData\Oracle\Java\javapath;C:\Program Files\Intel\iCLS Client\;C:\windows\system32;C:\windows;C:\windows\System32\Wbem;C:\windows\System32\WindowsPowerShell\v1.0\;C:\Program Files (x86)\NVIDIA Corporation\PhysX\Common;C:\WINDOWS\system32;C:\WINDOWS;C:\WINDOWS\System32\Wbem;C:\WINDOWS\System32\WindowsPowerShell\v1.0\;C:\Program Files\Git\cmd;C:\Program Files (x86)\Skype\Phone\;C:\Program Files\Intel\WiFi\bin\;C:\Program Files\Common Files\Intel\WirelessCommon\;C:\Program Files (x86)\OpenVPN\bin;C:\Program Files (x86)\Intel\Intel(R) Management Engine Components\DAL;C:\Program Files\Intel\Intel(R) Management Engine Components\DAL;C:\Program Files (x86)\Intel\Intel(R) Management Engine Components\IPT;C:\Program Files\Intel\Intel(R) Management Engine Components\IPT;C:\Program Files\Java\jdk1.8.0_121\bin;C:\Program Files (x86)\Apache\apache-maven\apache-maven-3.5.3\bin;C:\Program Files (x86)\Apache\sqlite;;C:\WINDOWS\System32\OpenSSH\;C:\Users\tom\AppData\Local\Microsoft\WindowsApps;;.
29-May-2018 18:02:35.741 INFO [main] org.apache.coyote.AbstractProtocol.init Initializing ProtocolHandler ["http-nio-8080"]
29-May-2018 18:02:36.024 INFO [main] org.apache.tomcat.util.net.NioSelectorPool.getSharedSelector Using a shared selector for servlet write/read
29-May-2018 18:02:36.027 INFO [main] org.apache.coyote.AbstractProtocol.init Initializing ProtocolHandler ["ajp-nio-8009"]
29-May-2018 18:02:36.028 INFO [main] org.apache.tomcat.util.net.NioSelectorPool.getSharedSelector Using a shared selector for servlet write/read
29-May-2018 18:02:36.028 INFO [main] org.apache.catalina.startup.Catalina.load Initialization processed in 1742 ms
29-May-2018 18:02:36.057 INFO [main] org.apache.catalina.core.StandardService.startInternal Démarrage du service Catalina
29-May-2018 18:02:36.057 INFO [main] org.apache.catalina.core.StandardEngine.startInternal Starting Servlet Engine: Apache Tomcat/8.0.12
29-May-2018 18:02:36.066 INFO [localhost-startStop-1] org.apache.catalina.startup.HostConfig.deployDirectory Déploiement du répertoire C:\Users\tom\Documents\Cours\bdd\HitchHike\tomcat8\webapps\host-manager de l'application web
29-May-2018 18:02:36.425 INFO [localhost-startStop-1] org.apache.jasper.servlet.TldScanner.scanJars At least one JAR was scanned for TLDs yet contained no TLDs. Enable debug logging for this logger for a complete list of JARs that were scanned but no TLDs were found in them. Skipping unneeded JARs during scanning can improve startup time and JSP compilation time.
29-May-2018 18:02:36.475 INFO [localhost-startStop-1] org.apache.catalina.startup.HostConfig.deployDirectory Deployment of web application directory C:\Users\tom\Documents\Cours\bdd\HitchHike\tomcat8\webapps\host-manager has finished in 399 ms
29-May-2018 18:02:36.475 INFO [localhost-startStop-1] org.apache.catalina.startup.HostConfig.deployDirectory Déploiement du répertoire C:\Users\tom\Documents\Cours\bdd\HitchHike\tomcat8\webapps\manager de l'application web
29-May-2018 18:02:36.608 INFO [localhost-startStop-1] org.apache.jasper.servlet.TldScanner.scanJars At least one JAR was scanned for TLDs yet contained no TLDs. Enable debug logging for this logger for a complete list of JARs that were scanned but no TLDs were found in them. Skipping unneeded JARs during scanning can improve startup time and JSP compilation time.
29-May-2018 18:02:36.608 INFO [localhost-startStop-1] org.apache.catalina.startup.HostConfig.deployDirectory Deployment of web application directory C:\Users\tom\Documents\Cours\bdd\HitchHike\tomcat8\webapps\manager has finished in 133 ms
29-May-2018 18:02:36.608 INFO [localhost-startStop-1] org.apache.catalina.startup.HostConfig.deployDirectory Déploiement du répertoire C:\Users\tom\Documents\Cours\bdd\HitchHike\tomcat8\webapps\Ressources de l'application web
29-May-2018 18:02:36.716 INFO [localhost-startStop-1] org.apache.jasper.servlet.TldScanner.scanJars At least one JAR was scanned for TLDs yet contained no TLDs. Enable debug logging for this logger for a complete list of JARs that were scanned but no TLDs were found in them. Skipping unneeded JARs during scanning can improve startup time and JSP compilation time.
29-May-2018 18:02:36.721 INFO [localhost-startStop-1] org.apache.catalina.startup.HostConfig.deployDirectory Deployment of web application directory C:\Users\tom\Documents\Cours\bdd\HitchHike\tomcat8\webapps\Ressources has finished in 113 ms
29-May-2018 18:02:36.721 INFO [localhost-startStop-1] org.apache.catalina.startup.HostConfig.deployDirectory Déploiement du répertoire C:\Users\tom\Documents\Cours\bdd\HitchHike\tomcat8\webapps\ROOT de l'application web
29-May-2018 18:02:36.823 INFO [localhost-startStop-1] org.apache.jasper.servlet.TldScanner.scanJars At least one JAR was scanned for TLDs yet contained no TLDs. Enable debug logging for this logger for a complete list of JARs that were scanned but no TLDs were found in them. Skipping unneeded JARs during scanning can improve startup time and JSP compilation time.
29-May-2018 18:02:36.827 INFO [localhost-startStop-1] org.apache.catalina.startup.HostConfig.deployDirectory Deployment of web application directory C:\Users\tom\Documents\Cours\bdd\HitchHike\tomcat8\webapps\ROOT has finished in 106 ms
29-May-2018 18:02:36.827 INFO [localhost-startStop-1] org.apache.catalina.startup.HostConfig.deployDirectory Déploiement du répertoire C:\Users\tom\Documents\Cours\bdd\HitchHike\tomcat8\webapps\vide de l'application web
29-May-2018 18:02:37.209 INFO [localhost-startStop-1] org.apache.jasper.servlet.TldScanner.scanJars At least one JAR was scanned for TLDs yet contained no TLDs. Enable debug logging for this logger for a complete list of JARs that were scanned but no TLDs were found in them. Skipping unneeded JARs during scanning can improve startup time and JSP compilation time.
29-May-2018 18:02:37.213 INFO [localhost-startStop-1] org.apache.catalina.startup.HostConfig.deployDirectory Deployment of web application directory C:\Users\tom\Documents\Cours\bdd\HitchHike\tomcat8\webapps\vide has finished in 386 ms
29-May-2018 18:02:37.221 INFO [main] org.apache.coyote.AbstractProtocol.start Starting ProtocolHandler ["http-nio-8080"]
29-May-2018 18:02:37.228 INFO [main] org.apache.coyote.AbstractProtocol.start Starting ProtocolHandler ["ajp-nio-8009"]
29-May-2018 18:02:37.229 INFO [main] org.apache.catalina.startup.Catalina.start Server startup in 1200 ms
29-May-2018 20:24:23.353 INFO [main] org.apache.catalina.core.AprLifecycleListener.init The APR based Apache Tomcat Native library which allows optimal performance in production environments was not found on the java.library.path: C:\Program Files\Java\jdk1.8.0_121\bin;C:\WINDOWS\Sun\Java\bin;C:\WINDOWS\system32;C:\WINDOWS;C:\Program Files (x86)\Intel\iCLS Client\;C:\ProgramData\Oracle\Java\javapath;C:\Program Files\Intel\iCLS Client\;C:\windows\system32;C:\windows;C:\windows\System32\Wbem;C:\windows\System32\WindowsPowerShell\v1.0\;C:\Program Files (x86)\NVIDIA Corporation\PhysX\Common;C:\WINDOWS\system32;C:\WINDOWS;C:\WINDOWS\System32\Wbem;C:\WINDOWS\System32\WindowsPowerShell\v1.0\;C:\Program Files\Git\cmd;C:\Program Files (x86)\Skype\Phone\;C:\Program Files\Intel\WiFi\bin\;C:\Program Files\Common Files\Intel\WirelessCommon\;C:\Program Files (x86)\OpenVPN\bin;C:\Program Files (x86)\Intel\Intel(R) Management Engine Components\DAL;C:\Program Files\Intel\Intel(R) Management Engine Components\DAL;C:\Program Files (x86)\Intel\Intel(R) Management Engine Components\IPT;C:\Program Files\Intel\Intel(R) Management Engine Components\IPT;C:\Program Files\Java\jdk1.8.0_121\bin;C:\Program Files (x86)\Apache\apache-maven\apache-maven-3.5.3\bin;C:\Program Files (x86)\Apache\sqlite;;C:\WINDOWS\System32\OpenSSH\;C:\Users\tom\AppData\Local\Microsoft\WindowsApps;;.
29-May-2018 20:24:23.521 INFO [main] org.apache.coyote.AbstractProtocol.init Initializing ProtocolHandler ["http-nio-8080"]
29-May-2018 20:24:23.854 INFO [main] org.apache.tomcat.util.net.NioSelectorPool.getSharedSelector Using a shared selector for servlet write/read
29-May-2018 20:24:23.857 INFO [main] org.apache.coyote.AbstractProtocol.init Initializing ProtocolHandler ["ajp-nio-8009"]
29-May-2018 20:24:23.859 INFO [main] org.apache.tomcat.util.net.NioSelectorPool.getSharedSelector Using a shared selector for servlet write/read
29-May-2018 20:24:23.859 INFO [main] org.apache.catalina.startup.Catalina.load Initialization processed in 732 ms
29-May-2018 20:24:23.877 INFO [main] org.apache.catalina.core.StandardService.startInternal Démarrage du service Catalina
29-May-2018 20:24:23.877 INFO [main] org.apache.catalina.core.StandardEngine.startInternal Starting Servlet Engine: Apache Tomcat/8.0.12
29-May-2018 20:24:23.885 INFO [localhost-startStop-1] org.apache.catalina.startup.HostConfig.deployDirectory Déploiement du répertoire C:\Users\tom\Documents\Cours\bdd\HitchHike\tomcat8\webapps\host-manager de l'application web
29-May-2018 20:24:24.154 INFO [localhost-startStop-1] org.apache.jasper.servlet.TldScanner.scanJars At least one JAR was scanned for TLDs yet contained no TLDs. Enable debug logging for this logger for a complete list of JARs that were scanned but no TLDs were found in them. Skipping unneeded JARs during scanning can improve startup time and JSP compilation time.
29-May-2018 20:24:24.201 INFO [localhost-startStop-1] org.apache.catalina.startup.HostConfig.deployDirectory Deployment of web application directory C:\Users\tom\Documents\Cours\bdd\HitchHike\tomcat8\webapps\host-manager has finished in 316 ms
29-May-2018 20:24:24.201 INFO [localhost-startStop-1] org.apache.catalina.startup.HostConfig.deployDirectory Déploiement du répertoire C:\Users\tom\Documents\Cours\bdd\HitchHike\tomcat8\webapps\manager de l'application web
29-May-2018 20:24:24.359 INFO [localhost-startStop-1] org.apache.jasper.servlet.TldScanner.scanJars At least one JAR was scanned for TLDs yet contained no TLDs. Enable debug logging for this logger for a complete list of JARs that were scanned but no TLDs were found in them. Skipping unneeded JARs during scanning can improve startup time and JSP compilation time.
29-May-2018 20:24:24.361 INFO [localhost-startStop-1] org.apache.catalina.startup.HostConfig.deployDirectory Deployment of web application directory C:\Users\tom\Documents\Cours\bdd\HitchHike\tomcat8\webapps\manager has finished in 160 ms
29-May-2018 20:24:24.365 INFO [localhost-startStop-1] org.apache.catalina.startup.HostConfig.deployDirectory Déploiement du répertoire C:\Users\tom\Documents\Cours\bdd\HitchHike\tomcat8\webapps\Ressources de l'application web
29-May-2018 20:24:24.468 INFO [localhost-startStop-1] org.apache.jasper.servlet.TldScanner.scanJars At least one JAR was scanned for TLDs yet contained no TLDs. Enable debug logging for this logger for a complete list of JARs that were scanned but no TLDs were found in them. Skipping unneeded JARs during scanning can improve startup time and JSP compilation time.
29-May-2018 20:24:24.472 INFO [localhost-startStop-1] org.apache.catalina.startup.HostConfig.deployDirectory Deployment of web application directory C:\Users\tom\Documents\Cours\bdd\HitchHike\tomcat8\webapps\Ressources has finished in 108 ms
29-May-2018 20:24:24.474 INFO [localhost-startStop-1] org.apache.catalina.startup.HostConfig.deployDirectory Déploiement du répertoire C:\Users\tom\Documents\Cours\bdd\HitchHike\tomcat8\webapps\ROOT de l'application web
29-May-2018 20:24:24.605 INFO [localhost-startStop-1] org.apache.jasper.servlet.TldScanner.scanJars At least one JAR was scanned for TLDs yet contained no TLDs. Enable debug logging for this logger for a complete list of JARs that were scanned but no TLDs were found in them. Skipping unneeded JARs during scanning can improve startup time and JSP compilation time.
29-May-2018 20:24:24.607 INFO [localhost-startStop-1] org.apache.catalina.startup.HostConfig.deployDirectory Deployment of web application directory C:\Users\tom\Documents\Cours\bdd\HitchHike\tomcat8\webapps\ROOT has finished in 133 ms
29-May-2018 20:24:24.607 INFO [localhost-startStop-1] org.apache.catalina.startup.HostConfig.deployDirectory Déploiement du répertoire C:\Users\tom\Documents\Cours\bdd\HitchHike\tomcat8\webapps\vide de l'application web
29-May-2018 20:24:24.783 INFO [localhost-startStop-1] org.apache.jasper.servlet.TldScanner.scanJars At least one JAR was scanned for TLDs yet contained no TLDs. Enable debug logging for this logger for a complete list of JARs that were scanned but no TLDs were found in them. Skipping unneeded JARs during scanning can improve startup time and JSP compilation time.
29-May-2018 20:24:24.787 INFO [localhost-startStop-1] org.apache.catalina.startup.HostConfig.deployDirectory Deployment of web application directory C:\Users\tom\Documents\Cours\bdd\HitchHike\tomcat8\webapps\vide has finished in 180 ms
29-May-2018 20:24:24.789 INFO [main] org.apache.coyote.AbstractProtocol.start Starting ProtocolHandler ["http-nio-8080"]
29-May-2018 20:24:24.797 INFO [main] org.apache.coyote.AbstractProtocol.start Starting ProtocolHandler ["ajp-nio-8009"]
29-May-2018 20:24:24.800 INFO [main] org.apache.catalina.startup.Catalina.start Server startup in 939 ms
29-May-2018 21:59:42.610 INFO [ContainerBackgroundProcessor[StandardEngine[Catalina]]] org.apache.catalina.core.StandardContext.reload Le rechargement du contexte [/vide] a démarré
29-May-2018 21:59:42.774 INFO [ContainerBackgroundProcessor[StandardEngine[Catalina]]] org.apache.jasper.servlet.TldScanner.scanJars At least one JAR was scanned for TLDs yet contained no TLDs. Enable debug logging for this logger for a complete list of JARs that were scanned but no TLDs were found in them. Skipping unneeded JARs during scanning can improve startup time and JSP compilation time.
29-May-2018 21:59:42.791 INFO [ContainerBackgroundProcessor[StandardEngine[Catalina]]] org.apache.catalina.core.StandardContext.reload Le rechargement de ce contexte est terminé
29-May-2018 22:00:22.836 INFO [ContainerBackgroundProcessor[StandardEngine[Catalina]]] org.apache.catalina.core.StandardContext.reload Le rechargement du contexte [/vide] a démarré
29-May-2018 22:00:23.019 INFO [ContainerBackgroundProcessor[StandardEngine[Catalina]]] org.apache.jasper.servlet.TldScanner.scanJars At least one JAR was scanned for TLDs yet contained no TLDs. Enable debug logging for this logger for a complete list of JARs that were scanned but no TLDs were found in them. Skipping unneeded JARs during scanning can improve startup time and JSP compilation time.
29-May-2018 22:00:23.024 INFO [ContainerBackgroundProcessor[StandardEngine[Catalina]]] org.apache.catalina.core.StandardContext.reload Le rechargement de ce contexte est terminé
29-May-2018 22:00:53.056 INFO [ContainerBackgroundProcessor[StandardEngine[Catalina]]] org.apache.catalina.core.StandardContext.reload Le rechargement du contexte [/vide] a démarré
29-May-2018 22:00:53.256 INFO [ContainerBackgroundProcessor[StandardEngine[Catalina]]] org.apache.jasper.servlet.TldScanner.scanJars At least one JAR was scanned for TLDs yet contained no TLDs. Enable debug logging for this logger for a complete list of JARs that were scanned but no TLDs were found in them. Skipping unneeded JARs during scanning can improve startup time and JSP compilation time.
29-May-2018 22:00:53.262 INFO [ContainerBackgroundProcessor[StandardEngine[Catalina]]] org.apache.catalina.core.StandardContext.reload Le rechargement de ce contexte est terminé
29-May-2018 22:01:33.309 INFO [ContainerBackgroundProcessor[StandardEngine[Catalina]]] org.apache.catalina.core.StandardContext.reload Le rechargement du contexte [/vide] a démarré
29-May-2018 22:01:33.538 INFO [ContainerBackgroundProcessor[StandardEngine[Catalina]]] org.apache.jasper.servlet.TldScanner.scanJars At least one JAR was scanned for TLDs yet contained no TLDs. Enable debug logging for this logger for a complete list of JARs that were scanned but no TLDs were found in them. Skipping unneeded JARs during scanning can improve startup time and JSP compilation time.
29-May-2018 22:01:33.548 INFO [ContainerBackgroundProcessor[StandardEngine[Catalina]]] org.apache.catalina.core.StandardContext.reload Le rechargement de ce contexte est terminé
