12-Apr-2018 00:46:55.334 INFO [Thread-5] org.apache.coyote.AbstractProtocol.pause Pausing ProtocolHandler ["http-nio-8080"]
12-Apr-2018 00:46:55.395 INFO [Thread-5] org.apache.coyote.AbstractProtocol.pause Pausing ProtocolHandler ["ajp-nio-8009"]
12-Apr-2018 00:46:55.446 INFO [Thread-5] org.apache.catalina.core.StandardService.stopInternal Arrêt du service Catalina
12-Apr-2018 00:46:55.470 INFO [Thread-5] org.apache.coyote.AbstractProtocol.stop Stopping ProtocolHandler ["http-nio-8080"]
12-Apr-2018 00:46:55.552 INFO [Thread-5] org.apache.coyote.AbstractProtocol.stop Stopping ProtocolHandler ["ajp-nio-8009"]
12-Apr-2018 00:46:55.636 INFO [Thread-5] org.apache.coyote.AbstractProtocol.destroy Destroying ProtocolHandler ["http-nio-8080"]
12-Apr-2018 00:46:55.636 INFO [Thread-5] org.apache.coyote.AbstractProtocol.destroy Destroying ProtocolHandler ["ajp-nio-8009"]
12-Apr-2018 00:47:02.949 INFO [main] org.apache.catalina.core.AprLifecycleListener.init The APR based Apache Tomcat Native library which allows optimal performance in production environments was not found on the java.library.path: C:\Program Files\Java\jdk1.8.0_121\bin;C:\WINDOWS\Sun\Java\bin;C:\WINDOWS\system32;C:\WINDOWS;C:\Program Files (x86)\Intel\iCLS Client\;C:\ProgramData\Oracle\Java\javapath;C:\Program Files\Intel\iCLS Client\;C:\windows\system32;C:\windows;C:\windows\System32\Wbem;C:\windows\System32\WindowsPowerShell\v1.0\;C:\Program Files (x86)\NVIDIA Corporation\PhysX\Common;C:\WINDOWS\system32;C:\WINDOWS;C:\WINDOWS\System32\Wbem;C:\WINDOWS\System32\WindowsPowerShell\v1.0\;C:\Program Files\Git\cmd;C:\Program Files (x86)\Skype\Phone\;C:\Program Files\Intel\WiFi\bin\;C:\Program Files\Common Files\Intel\WirelessCommon\;C:\Program Files (x86)\OpenVPN\bin;C:\Program Files (x86)\Intel\Intel(R) Management Engine Components\DAL;C:\Program Files\Intel\Intel(R) Management Engine Components\DAL;C:\Program Files (x86)\Intel\Intel(R) Management Engine Components\IPT;C:\Program Files\Intel\Intel(R) Management Engine Components\IPT;C:\Program Files\Java\jdk1.8.0_121\bin;C:\Program Files (x86)\Apache\apache-maven\apache-maven-3.5.3\bin;C:\Program Files (x86)\Apache\sqlite;C:\Users\tom\AppData\Local\Microsoft\WindowsApps;;.
12-Apr-2018 00:47:03.967 INFO [main] org.apache.coyote.AbstractProtocol.init Initializing ProtocolHandler ["http-nio-8080"]
12-Apr-2018 00:47:04.168 INFO [main] org.apache.tomcat.util.net.NioSelectorPool.getSharedSelector Using a shared selector for servlet write/read
12-Apr-2018 00:47:04.172 INFO [main] org.apache.coyote.AbstractProtocol.init Initializing ProtocolHandler ["ajp-nio-8009"]
12-Apr-2018 00:47:04.174 INFO [main] org.apache.tomcat.util.net.NioSelectorPool.getSharedSelector Using a shared selector for servlet write/read
12-Apr-2018 00:47:04.175 INFO [main] org.apache.catalina.startup.Catalina.load Initialization processed in 1485 ms
12-Apr-2018 00:47:04.222 INFO [main] org.apache.catalina.core.StandardService.startInternal Démarrage du service Catalina
12-Apr-2018 00:47:04.222 INFO [main] org.apache.catalina.core.StandardEngine.startInternal Starting Servlet Engine: Apache Tomcat/8.0.12
12-Apr-2018 00:47:04.241 INFO [localhost-startStop-1] org.apache.catalina.startup.HostConfig.deployDirectory Déploiement du répertoire C:\Users\tom\Documents\Cours\bdd\TP3.4b\tomcat8\webapps\host-manager de l'application web
12-Apr-2018 00:47:04.744 INFO [localhost-startStop-1] org.apache.jasper.servlet.TldScanner.scanJars At least one JAR was scanned for TLDs yet contained no TLDs. Enable debug logging for this logger for a complete list of JARs that were scanned but no TLDs were found in them. Skipping unneeded JARs during scanning can improve startup time and JSP compilation time.
12-Apr-2018 00:47:04.784 INFO [localhost-startStop-1] org.apache.catalina.startup.HostConfig.deployDirectory Deployment of web application directory C:\Users\tom\Documents\Cours\bdd\TP3.4b\tomcat8\webapps\host-manager has finished in 542 ms
12-Apr-2018 00:47:04.785 INFO [localhost-startStop-1] org.apache.catalina.startup.HostConfig.deployDirectory Déploiement du répertoire C:\Users\tom\Documents\Cours\bdd\TP3.4b\tomcat8\webapps\manager de l'application web
12-Apr-2018 00:47:04.951 INFO [localhost-startStop-1] org.apache.jasper.servlet.TldScanner.scanJars At least one JAR was scanned for TLDs yet contained no TLDs. Enable debug logging for this logger for a complete list of JARs that were scanned but no TLDs were found in them. Skipping unneeded JARs during scanning can improve startup time and JSP compilation time.
12-Apr-2018 00:47:04.957 INFO [localhost-startStop-1] org.apache.catalina.startup.HostConfig.deployDirectory Deployment of web application directory C:\Users\tom\Documents\Cours\bdd\TP3.4b\tomcat8\webapps\manager has finished in 172 ms
12-Apr-2018 00:47:04.959 INFO [localhost-startStop-1] org.apache.catalina.startup.HostConfig.deployDirectory Déploiement du répertoire C:\Users\tom\Documents\Cours\bdd\TP3.4b\tomcat8\webapps\ROOT de l'application web
12-Apr-2018 00:47:05.113 INFO [localhost-startStop-1] org.apache.jasper.servlet.TldScanner.scanJars At least one JAR was scanned for TLDs yet contained no TLDs. Enable debug logging for this logger for a complete list of JARs that were scanned but no TLDs were found in them. Skipping unneeded JARs during scanning can improve startup time and JSP compilation time.
12-Apr-2018 00:47:05.119 INFO [localhost-startStop-1] org.apache.catalina.startup.HostConfig.deployDirectory Deployment of web application directory C:\Users\tom\Documents\Cours\bdd\TP3.4b\tomcat8\webapps\ROOT has finished in 160 ms
12-Apr-2018 00:47:05.119 INFO [localhost-startStop-1] org.apache.catalina.startup.HostConfig.deployDirectory Déploiement du répertoire C:\Users\tom\Documents\Cours\bdd\TP3.4b\tomcat8\webapps\tp37 de l'application web
12-Apr-2018 00:47:05.464 INFO [localhost-startStop-1] org.apache.jasper.servlet.TldScanner.scanJars At least one JAR was scanned for TLDs yet contained no TLDs. Enable debug logging for this logger for a complete list of JARs that were scanned but no TLDs were found in them. Skipping unneeded JARs during scanning can improve startup time and JSP compilation time.
12-Apr-2018 00:47:05.470 INFO [localhost-startStop-1] org.apache.catalina.startup.HostConfig.deployDirectory Deployment of web application directory C:\Users\tom\Documents\Cours\bdd\TP3.4b\tomcat8\webapps\tp37 has finished in 351 ms
12-Apr-2018 00:47:05.470 INFO [localhost-startStop-1] org.apache.catalina.startup.HostConfig.deployDirectory Déploiement du répertoire C:\Users\tom\Documents\Cours\bdd\TP3.4b\tomcat8\webapps\vide de l'application web
12-Apr-2018 00:47:05.740 INFO [localhost-startStop-1] org.apache.jasper.servlet.TldScanner.scanJars At least one JAR was scanned for TLDs yet contained no TLDs. Enable debug logging for this logger for a complete list of JARs that were scanned but no TLDs were found in them. Skipping unneeded JARs during scanning can improve startup time and JSP compilation time.
12-Apr-2018 00:47:05.742 INFO [localhost-startStop-1] org.apache.catalina.startup.HostConfig.deployDirectory Deployment of web application directory C:\Users\tom\Documents\Cours\bdd\TP3.4b\tomcat8\webapps\vide has finished in 272 ms
12-Apr-2018 00:47:05.748 INFO [main] org.apache.coyote.AbstractProtocol.start Starting ProtocolHandler ["http-nio-8080"]
12-Apr-2018 00:47:05.755 INFO [main] org.apache.coyote.AbstractProtocol.start Starting ProtocolHandler ["ajp-nio-8009"]
12-Apr-2018 00:47:05.757 INFO [main] org.apache.catalina.startup.Catalina.start Server startup in 1581 ms
12-Apr-2018 00:53:06.171 INFO [ContainerBackgroundProcessor[StandardEngine[Catalina]]] org.apache.catalina.core.StandardContext.reload Le rechargement du contexte [/vide] a démarré
12-Apr-2018 00:53:06.328 INFO [ContainerBackgroundProcessor[StandardEngine[Catalina]]] org.apache.jasper.servlet.TldScanner.scanJars At least one JAR was scanned for TLDs yet contained no TLDs. Enable debug logging for this logger for a complete list of JARs that were scanned but no TLDs were found in them. Skipping unneeded JARs during scanning can improve startup time and JSP compilation time.
12-Apr-2018 00:53:06.332 INFO [ContainerBackgroundProcessor[StandardEngine[Catalina]]] org.apache.catalina.core.StandardContext.reload Le rechargement de ce contexte est terminé
12-Apr-2018 00:53:08.351 INFO [Thread-5] org.apache.coyote.AbstractProtocol.pause Pausing ProtocolHandler ["http-nio-8080"]
12-Apr-2018 00:53:08.412 INFO [Thread-5] org.apache.coyote.AbstractProtocol.pause Pausing ProtocolHandler ["ajp-nio-8009"]
12-Apr-2018 00:53:08.464 INFO [Thread-5] org.apache.catalina.core.StandardService.stopInternal Arrêt du service Catalina
12-Apr-2018 00:53:08.542 INFO [Thread-5] org.apache.coyote.AbstractProtocol.stop Stopping ProtocolHandler ["http-nio-8080"]
12-Apr-2018 00:53:08.546 INFO [Thread-5] org.apache.coyote.AbstractProtocol.stop Stopping ProtocolHandler ["ajp-nio-8009"]
12-Apr-2018 00:53:08.548 INFO [Thread-5] org.apache.coyote.AbstractProtocol.destroy Destroying ProtocolHandler ["http-nio-8080"]
12-Apr-2018 00:53:08.548 INFO [Thread-5] org.apache.coyote.AbstractProtocol.destroy Destroying ProtocolHandler ["ajp-nio-8009"]
12-Apr-2018 00:53:10.818 INFO [main] org.apache.catalina.core.AprLifecycleListener.init The APR based Apache Tomcat Native library which allows optimal performance in production environments was not found on the java.library.path: C:\Program Files\Java\jdk1.8.0_121\bin;C:\WINDOWS\Sun\Java\bin;C:\WINDOWS\system32;C:\WINDOWS;C:\Program Files (x86)\Intel\iCLS Client\;C:\ProgramData\Oracle\Java\javapath;C:\Program Files\Intel\iCLS Client\;C:\windows\system32;C:\windows;C:\windows\System32\Wbem;C:\windows\System32\WindowsPowerShell\v1.0\;C:\Program Files (x86)\NVIDIA Corporation\PhysX\Common;C:\WINDOWS\system32;C:\WINDOWS;C:\WINDOWS\System32\Wbem;C:\WINDOWS\System32\WindowsPowerShell\v1.0\;C:\Program Files\Git\cmd;C:\Program Files (x86)\Skype\Phone\;C:\Program Files\Intel\WiFi\bin\;C:\Program Files\Common Files\Intel\WirelessCommon\;C:\Program Files (x86)\OpenVPN\bin;C:\Program Files (x86)\Intel\Intel(R) Management Engine Components\DAL;C:\Program Files\Intel\Intel(R) Management Engine Components\DAL;C:\Program Files (x86)\Intel\Intel(R) Management Engine Components\IPT;C:\Program Files\Intel\Intel(R) Management Engine Components\IPT;C:\Program Files\Java\jdk1.8.0_121\bin;C:\Program Files (x86)\Apache\apache-maven\apache-maven-3.5.3\bin;C:\Program Files (x86)\Apache\sqlite;C:\Users\tom\AppData\Local\Microsoft\WindowsApps;;.
12-Apr-2018 00:53:10.988 INFO [main] org.apache.coyote.AbstractProtocol.init Initializing ProtocolHandler ["http-nio-8080"]
12-Apr-2018 00:53:11.166 INFO [main] org.apache.tomcat.util.net.NioSelectorPool.getSharedSelector Using a shared selector for servlet write/read
12-Apr-2018 00:53:11.168 INFO [main] org.apache.coyote.AbstractProtocol.init Initializing ProtocolHandler ["ajp-nio-8009"]
12-Apr-2018 00:53:11.170 INFO [main] org.apache.tomcat.util.net.NioSelectorPool.getSharedSelector Using a shared selector for servlet write/read
12-Apr-2018 00:53:11.170 INFO [main] org.apache.catalina.startup.Catalina.load Initialization processed in 588 ms
12-Apr-2018 00:53:11.189 INFO [main] org.apache.catalina.core.StandardService.startInternal Démarrage du service Catalina
12-Apr-2018 00:53:11.189 INFO [main] org.apache.catalina.core.StandardEngine.startInternal Starting Servlet Engine: Apache Tomcat/8.0.12
12-Apr-2018 00:53:11.196 INFO [localhost-startStop-1] org.apache.catalina.startup.HostConfig.deployDirectory Déploiement du répertoire C:\Users\tom\Documents\Cours\bdd\TP3.4b\tomcat8\webapps\host-manager de l'application web
12-Apr-2018 00:53:11.462 INFO [localhost-startStop-1] org.apache.jasper.servlet.TldScanner.scanJars At least one JAR was scanned for TLDs yet contained no TLDs. Enable debug logging for this logger for a complete list of JARs that were scanned but no TLDs were found in them. Skipping unneeded JARs during scanning can improve startup time and JSP compilation time.
12-Apr-2018 00:53:11.507 INFO [localhost-startStop-1] org.apache.catalina.startup.HostConfig.deployDirectory Deployment of web application directory C:\Users\tom\Documents\Cours\bdd\TP3.4b\tomcat8\webapps\host-manager has finished in 309 ms
12-Apr-2018 00:53:11.508 INFO [localhost-startStop-1] org.apache.catalina.startup.HostConfig.deployDirectory Déploiement du répertoire C:\Users\tom\Documents\Cours\bdd\TP3.4b\tomcat8\webapps\manager de l'application web
12-Apr-2018 00:53:11.605 INFO [localhost-startStop-1] org.apache.jasper.servlet.TldScanner.scanJars At least one JAR was scanned for TLDs yet contained no TLDs. Enable debug logging for this logger for a complete list of JARs that were scanned but no TLDs were found in them. Skipping unneeded JARs during scanning can improve startup time and JSP compilation time.
12-Apr-2018 00:53:11.608 INFO [localhost-startStop-1] org.apache.catalina.startup.HostConfig.deployDirectory Deployment of web application directory C:\Users\tom\Documents\Cours\bdd\TP3.4b\tomcat8\webapps\manager has finished in 100 ms
12-Apr-2018 00:53:11.609 INFO [localhost-startStop-1] org.apache.catalina.startup.HostConfig.deployDirectory Déploiement du répertoire C:\Users\tom\Documents\Cours\bdd\TP3.4b\tomcat8\webapps\ROOT de l'application web
12-Apr-2018 00:53:11.703 INFO [localhost-startStop-1] org.apache.jasper.servlet.TldScanner.scanJars At least one JAR was scanned for TLDs yet contained no TLDs. Enable debug logging for this logger for a complete list of JARs that were scanned but no TLDs were found in them. Skipping unneeded JARs during scanning can improve startup time and JSP compilation time.
12-Apr-2018 00:53:11.706 INFO [localhost-startStop-1] org.apache.catalina.startup.HostConfig.deployDirectory Deployment of web application directory C:\Users\tom\Documents\Cours\bdd\TP3.4b\tomcat8\webapps\ROOT has finished in 97 ms
12-Apr-2018 00:53:11.707 INFO [localhost-startStop-1] org.apache.catalina.startup.HostConfig.deployDirectory Déploiement du répertoire C:\Users\tom\Documents\Cours\bdd\TP3.4b\tomcat8\webapps\tp37 de l'application web
12-Apr-2018 00:53:11.815 INFO [localhost-startStop-1] org.apache.jasper.servlet.TldScanner.scanJars At least one JAR was scanned for TLDs yet contained no TLDs. Enable debug logging for this logger for a complete list of JARs that were scanned but no TLDs were found in them. Skipping unneeded JARs during scanning can improve startup time and JSP compilation time.
12-Apr-2018 00:53:11.819 INFO [localhost-startStop-1] org.apache.catalina.startup.HostConfig.deployDirectory Deployment of web application directory C:\Users\tom\Documents\Cours\bdd\TP3.4b\tomcat8\webapps\tp37 has finished in 112 ms
12-Apr-2018 00:53:11.820 INFO [localhost-startStop-1] org.apache.catalina.startup.HostConfig.deployDirectory Déploiement du répertoire C:\Users\tom\Documents\Cours\bdd\TP3.4b\tomcat8\webapps\vide de l'application web
12-Apr-2018 00:53:11.928 INFO [localhost-startStop-1] org.apache.jasper.servlet.TldScanner.scanJars At least one JAR was scanned for TLDs yet contained no TLDs. Enable debug logging for this logger for a complete list of JARs that were scanned but no TLDs were found in them. Skipping unneeded JARs during scanning can improve startup time and JSP compilation time.
12-Apr-2018 00:53:11.931 INFO [localhost-startStop-1] org.apache.catalina.startup.HostConfig.deployDirectory Deployment of web application directory C:\Users\tom\Documents\Cours\bdd\TP3.4b\tomcat8\webapps\vide has finished in 111 ms
12-Apr-2018 00:53:11.933 INFO [main] org.apache.coyote.AbstractProtocol.start Starting ProtocolHandler ["http-nio-8080"]
12-Apr-2018 00:53:11.941 INFO [main] org.apache.coyote.AbstractProtocol.start Starting ProtocolHandler ["ajp-nio-8009"]
12-Apr-2018 00:53:11.942 INFO [main] org.apache.catalina.startup.Catalina.start Server startup in 771 ms
12-Apr-2018 00:53:34.296 INFO [Thread-5] org.apache.coyote.AbstractProtocol.pause Pausing ProtocolHandler ["http-nio-8080"]
12-Apr-2018 00:53:34.353 INFO [Thread-5] org.apache.coyote.AbstractProtocol.pause Pausing ProtocolHandler ["ajp-nio-8009"]
12-Apr-2018 00:53:34.355 INFO [Thread-5] org.apache.catalina.core.StandardService.stopInternal Arrêt du service Catalina
12-Apr-2018 00:53:34.408 INFO [Thread-5] org.apache.coyote.AbstractProtocol.stop Stopping ProtocolHandler ["http-nio-8080"]
12-Apr-2018 00:53:34.410 INFO [Thread-5] org.apache.coyote.AbstractProtocol.stop Stopping ProtocolHandler ["ajp-nio-8009"]
12-Apr-2018 00:53:34.411 INFO [Thread-5] org.apache.coyote.AbstractProtocol.destroy Destroying ProtocolHandler ["http-nio-8080"]
12-Apr-2018 00:53:34.412 INFO [Thread-5] org.apache.coyote.AbstractProtocol.destroy Destroying ProtocolHandler ["ajp-nio-8009"]
12-Apr-2018 00:54:55.648 INFO [main] org.apache.catalina.core.AprLifecycleListener.init The APR based Apache Tomcat Native library which allows optimal performance in production environments was not found on the java.library.path: C:\Program Files\Java\jdk1.8.0_121\bin;C:\WINDOWS\Sun\Java\bin;C:\WINDOWS\system32;C:\WINDOWS;C:\Program Files (x86)\Intel\iCLS Client\;C:\ProgramData\Oracle\Java\javapath;C:\Program Files\Intel\iCLS Client\;C:\windows\system32;C:\windows;C:\windows\System32\Wbem;C:\windows\System32\WindowsPowerShell\v1.0\;C:\Program Files (x86)\NVIDIA Corporation\PhysX\Common;C:\WINDOWS\system32;C:\WINDOWS;C:\WINDOWS\System32\Wbem;C:\WINDOWS\System32\WindowsPowerShell\v1.0\;C:\Program Files\Git\cmd;C:\Program Files (x86)\Skype\Phone\;C:\Program Files\Intel\WiFi\bin\;C:\Program Files\Common Files\Intel\WirelessCommon\;C:\Program Files (x86)\OpenVPN\bin;C:\Program Files (x86)\Intel\Intel(R) Management Engine Components\DAL;C:\Program Files\Intel\Intel(R) Management Engine Components\DAL;C:\Program Files (x86)\Intel\Intel(R) Management Engine Components\IPT;C:\Program Files\Intel\Intel(R) Management Engine Components\IPT;C:\Program Files\Java\jdk1.8.0_121\bin;C:\Program Files (x86)\Apache\apache-maven\apache-maven-3.5.3\bin;C:\Program Files (x86)\Apache\sqlite;C:\Users\tom\AppData\Local\Microsoft\WindowsApps;;.
12-Apr-2018 00:54:55.828 INFO [main] org.apache.coyote.AbstractProtocol.init Initializing ProtocolHandler ["http-nio-8080"]
12-Apr-2018 00:54:56.006 INFO [main] org.apache.tomcat.util.net.NioSelectorPool.getSharedSelector Using a shared selector for servlet write/read
12-Apr-2018 00:54:56.009 INFO [main] org.apache.coyote.AbstractProtocol.init Initializing ProtocolHandler ["ajp-nio-8009"]
12-Apr-2018 00:54:56.011 INFO [main] org.apache.tomcat.util.net.NioSelectorPool.getSharedSelector Using a shared selector for servlet write/read
12-Apr-2018 00:54:56.011 INFO [main] org.apache.catalina.startup.Catalina.load Initialization processed in 607 ms
12-Apr-2018 00:54:56.032 INFO [main] org.apache.catalina.core.StandardService.startInternal Démarrage du service Catalina
12-Apr-2018 00:54:56.033 INFO [main] org.apache.catalina.core.StandardEngine.startInternal Starting Servlet Engine: Apache Tomcat/8.0.12
12-Apr-2018 00:54:56.042 INFO [localhost-startStop-1] org.apache.catalina.startup.HostConfig.deployDirectory Déploiement du répertoire C:\Users\tom\Documents\Cours\bdd\TP3.4b\tomcat8\webapps\host-manager de l'application web
12-Apr-2018 00:54:56.347 INFO [localhost-startStop-1] org.apache.jasper.servlet.TldScanner.scanJars At least one JAR was scanned for TLDs yet contained no TLDs. Enable debug logging for this logger for a complete list of JARs that were scanned but no TLDs were found in them. Skipping unneeded JARs during scanning can improve startup time and JSP compilation time.
12-Apr-2018 00:54:56.391 INFO [localhost-startStop-1] org.apache.catalina.startup.HostConfig.deployDirectory Deployment of web application directory C:\Users\tom\Documents\Cours\bdd\TP3.4b\tomcat8\webapps\host-manager has finished in 347 ms
12-Apr-2018 00:54:56.392 INFO [localhost-startStop-1] org.apache.catalina.startup.HostConfig.deployDirectory Déploiement du répertoire C:\Users\tom\Documents\Cours\bdd\TP3.4b\tomcat8\webapps\manager de l'application web
12-Apr-2018 00:54:56.489 INFO [localhost-startStop-1] org.apache.jasper.servlet.TldScanner.scanJars At least one JAR was scanned for TLDs yet contained no TLDs. Enable debug logging for this logger for a complete list of JARs that were scanned but no TLDs were found in them. Skipping unneeded JARs during scanning can improve startup time and JSP compilation time.
12-Apr-2018 00:54:56.492 INFO [localhost-startStop-1] org.apache.catalina.startup.HostConfig.deployDirectory Deployment of web application directory C:\Users\tom\Documents\Cours\bdd\TP3.4b\tomcat8\webapps\manager has finished in 100 ms
12-Apr-2018 00:54:56.493 INFO [localhost-startStop-1] org.apache.catalina.startup.HostConfig.deployDirectory Déploiement du répertoire C:\Users\tom\Documents\Cours\bdd\TP3.4b\tomcat8\webapps\ROOT de l'application web
12-Apr-2018 00:54:56.586 INFO [localhost-startStop-1] org.apache.jasper.servlet.TldScanner.scanJars At least one JAR was scanned for TLDs yet contained no TLDs. Enable debug logging for this logger for a complete list of JARs that were scanned but no TLDs were found in them. Skipping unneeded JARs during scanning can improve startup time and JSP compilation time.
12-Apr-2018 00:54:56.590 INFO [localhost-startStop-1] org.apache.catalina.startup.HostConfig.deployDirectory Deployment of web application directory C:\Users\tom\Documents\Cours\bdd\TP3.4b\tomcat8\webapps\ROOT has finished in 97 ms
12-Apr-2018 00:54:56.591 INFO [localhost-startStop-1] org.apache.catalina.startup.HostConfig.deployDirectory Déploiement du répertoire C:\Users\tom\Documents\Cours\bdd\TP3.4b\tomcat8\webapps\tp37 de l'application web
12-Apr-2018 00:54:56.702 INFO [localhost-startStop-1] org.apache.jasper.servlet.TldScanner.scanJars At least one JAR was scanned for TLDs yet contained no TLDs. Enable debug logging for this logger for a complete list of JARs that were scanned but no TLDs were found in them. Skipping unneeded JARs during scanning can improve startup time and JSP compilation time.
12-Apr-2018 00:54:56.709 INFO [localhost-startStop-1] org.apache.catalina.startup.HostConfig.deployDirectory Deployment of web application directory C:\Users\tom\Documents\Cours\bdd\TP3.4b\tomcat8\webapps\tp37 has finished in 118 ms
12-Apr-2018 00:54:56.709 INFO [localhost-startStop-1] org.apache.catalina.startup.HostConfig.deployDirectory Déploiement du répertoire C:\Users\tom\Documents\Cours\bdd\TP3.4b\tomcat8\webapps\vide de l'application web
12-Apr-2018 00:54:56.821 INFO [localhost-startStop-1] org.apache.jasper.servlet.TldScanner.scanJars At least one JAR was scanned for TLDs yet contained no TLDs. Enable debug logging for this logger for a complete list of JARs that were scanned but no TLDs were found in them. Skipping unneeded JARs during scanning can improve startup time and JSP compilation time.
12-Apr-2018 00:54:56.825 INFO [localhost-startStop-1] org.apache.catalina.startup.HostConfig.deployDirectory Deployment of web application directory C:\Users\tom\Documents\Cours\bdd\TP3.4b\tomcat8\webapps\vide has finished in 116 ms
12-Apr-2018 00:54:56.827 INFO [main] org.apache.coyote.AbstractProtocol.start Starting ProtocolHandler ["http-nio-8080"]
12-Apr-2018 00:54:56.833 INFO [main] org.apache.coyote.AbstractProtocol.start Starting ProtocolHandler ["ajp-nio-8009"]
12-Apr-2018 00:54:56.834 INFO [main] org.apache.catalina.startup.Catalina.start Server startup in 823 ms
12-Apr-2018 02:28:13.974 INFO [Thread-5] org.apache.coyote.AbstractProtocol.pause Pausing ProtocolHandler ["http-nio-8080"]
12-Apr-2018 02:28:14.028 INFO [Thread-5] org.apache.coyote.AbstractProtocol.pause Pausing ProtocolHandler ["ajp-nio-8009"]
12-Apr-2018 02:28:14.080 INFO [Thread-5] org.apache.catalina.core.StandardService.stopInternal Arrêt du service Catalina
12-Apr-2018 02:28:14.103 INFO [Thread-5] org.apache.coyote.AbstractProtocol.stop Stopping ProtocolHandler ["http-nio-8080"]
12-Apr-2018 02:28:14.105 INFO [Thread-5] org.apache.coyote.AbstractProtocol.stop Stopping ProtocolHandler ["ajp-nio-8009"]
12-Apr-2018 02:28:14.106 INFO [Thread-5] org.apache.coyote.AbstractProtocol.destroy Destroying ProtocolHandler ["http-nio-8080"]
12-Apr-2018 02:28:14.107 INFO [Thread-5] org.apache.coyote.AbstractProtocol.destroy Destroying ProtocolHandler ["ajp-nio-8009"]
12-Apr-2018 11:50:59.963 INFO [main] org.apache.catalina.core.AprLifecycleListener.init The APR based Apache Tomcat Native library which allows optimal performance in production environments was not found on the java.library.path: C:\Program Files\Java\jdk1.8.0_121\bin;C:\WINDOWS\Sun\Java\bin;C:\WINDOWS\system32;C:\WINDOWS;C:\Program Files (x86)\Intel\iCLS Client\;C:\ProgramData\Oracle\Java\javapath;C:\Program Files\Intel\iCLS Client\;C:\windows\system32;C:\windows;C:\windows\System32\Wbem;C:\windows\System32\WindowsPowerShell\v1.0\;C:\Program Files (x86)\NVIDIA Corporation\PhysX\Common;C:\WINDOWS\system32;C:\WINDOWS;C:\WINDOWS\System32\Wbem;C:\WINDOWS\System32\WindowsPowerShell\v1.0\;C:\Program Files\Git\cmd;C:\Program Files (x86)\Skype\Phone\;C:\Program Files\Intel\WiFi\bin\;C:\Program Files\Common Files\Intel\WirelessCommon\;C:\Program Files (x86)\OpenVPN\bin;C:\Program Files (x86)\Intel\Intel(R) Management Engine Components\DAL;C:\Program Files\Intel\Intel(R) Management Engine Components\DAL;C:\Program Files (x86)\Intel\Intel(R) Management Engine Components\IPT;C:\Program Files\Intel\Intel(R) Management Engine Components\IPT;C:\Program Files\Java\jdk1.8.0_121\bin;C:\Program Files (x86)\Apache\apache-maven\apache-maven-3.5.3\bin;C:\Program Files (x86)\Apache\sqlite;C:\Users\tom\AppData\Local\Microsoft\WindowsApps;;.
12-Apr-2018 11:51:01.929 INFO [main] org.apache.coyote.AbstractProtocol.init Initializing ProtocolHandler ["http-nio-8080"]
12-Apr-2018 11:51:02.331 INFO [main] org.apache.tomcat.util.net.NioSelectorPool.getSharedSelector Using a shared selector for servlet write/read
12-Apr-2018 11:51:02.336 INFO [main] org.apache.coyote.AbstractProtocol.init Initializing ProtocolHandler ["ajp-nio-8009"]
12-Apr-2018 11:51:02.338 INFO [main] org.apache.tomcat.util.net.NioSelectorPool.getSharedSelector Using a shared selector for servlet write/read
12-Apr-2018 11:51:02.339 INFO [main] org.apache.catalina.startup.Catalina.load Initialization processed in 3567 ms
12-Apr-2018 11:51:02.451 INFO [main] org.apache.catalina.core.StandardService.startInternal Démarrage du service Catalina
12-Apr-2018 11:51:02.451 INFO [main] org.apache.catalina.core.StandardEngine.startInternal Starting Servlet Engine: Apache Tomcat/8.0.12
12-Apr-2018 11:51:02.475 INFO [localhost-startStop-1] org.apache.catalina.startup.HostConfig.deployDirectory Déploiement du répertoire C:\Users\tom\Documents\Cours\bdd\TP3.4b\tomcat8\webapps\host-manager de l'application web
12-Apr-2018 11:51:03.260 INFO [localhost-startStop-1] org.apache.jasper.servlet.TldScanner.scanJars At least one JAR was scanned for TLDs yet contained no TLDs. Enable debug logging for this logger for a complete list of JARs that were scanned but no TLDs were found in them. Skipping unneeded JARs during scanning can improve startup time and JSP compilation time.
12-Apr-2018 11:51:03.390 INFO [localhost-startStop-1] org.apache.catalina.startup.HostConfig.deployDirectory Deployment of web application directory C:\Users\tom\Documents\Cours\bdd\TP3.4b\tomcat8\webapps\host-manager has finished in 889 ms
12-Apr-2018 11:51:03.391 INFO [localhost-startStop-1] org.apache.catalina.startup.HostConfig.deployDirectory Déploiement du répertoire C:\Users\tom\Documents\Cours\bdd\TP3.4b\tomcat8\webapps\manager de l'application web
12-Apr-2018 11:51:03.503 INFO [localhost-startStop-1] org.apache.jasper.servlet.TldScanner.scanJars At least one JAR was scanned for TLDs yet contained no TLDs. Enable debug logging for this logger for a complete list of JARs that were scanned but no TLDs were found in them. Skipping unneeded JARs during scanning can improve startup time and JSP compilation time.
12-Apr-2018 11:51:03.506 INFO [localhost-startStop-1] org.apache.catalina.startup.HostConfig.deployDirectory Deployment of web application directory C:\Users\tom\Documents\Cours\bdd\TP3.4b\tomcat8\webapps\manager has finished in 115 ms
12-Apr-2018 11:51:03.507 INFO [localhost-startStop-1] org.apache.catalina.startup.HostConfig.deployDirectory Déploiement du répertoire C:\Users\tom\Documents\Cours\bdd\TP3.4b\tomcat8\webapps\ROOT de l'application web
12-Apr-2018 11:51:03.616 INFO [localhost-startStop-1] org.apache.jasper.servlet.TldScanner.scanJars At least one JAR was scanned for TLDs yet contained no TLDs. Enable debug logging for this logger for a complete list of JARs that were scanned but no TLDs were found in them. Skipping unneeded JARs during scanning can improve startup time and JSP compilation time.
12-Apr-2018 11:51:03.618 INFO [localhost-startStop-1] org.apache.catalina.startup.HostConfig.deployDirectory Deployment of web application directory C:\Users\tom\Documents\Cours\bdd\TP3.4b\tomcat8\webapps\ROOT has finished in 111 ms
12-Apr-2018 11:51:03.619 INFO [localhost-startStop-1] org.apache.catalina.startup.HostConfig.deployDirectory Déploiement du répertoire C:\Users\tom\Documents\Cours\bdd\TP3.4b\tomcat8\webapps\tp37 de l'application web
12-Apr-2018 11:51:03.955 INFO [localhost-startStop-1] org.apache.jasper.servlet.TldScanner.scanJars At least one JAR was scanned for TLDs yet contained no TLDs. Enable debug logging for this logger for a complete list of JARs that were scanned but no TLDs were found in them. Skipping unneeded JARs during scanning can improve startup time and JSP compilation time.
12-Apr-2018 11:51:03.985 INFO [localhost-startStop-1] org.apache.catalina.startup.HostConfig.deployDirectory Deployment of web application directory C:\Users\tom\Documents\Cours\bdd\TP3.4b\tomcat8\webapps\tp37 has finished in 366 ms
12-Apr-2018 11:51:03.986 INFO [localhost-startStop-1] org.apache.catalina.startup.HostConfig.deployDirectory Déploiement du répertoire C:\Users\tom\Documents\Cours\bdd\TP3.4b\tomcat8\webapps\vide de l'application web
12-Apr-2018 11:51:04.296 INFO [localhost-startStop-1] org.apache.jasper.servlet.TldScanner.scanJars At least one JAR was scanned for TLDs yet contained no TLDs. Enable debug logging for this logger for a complete list of JARs that were scanned but no TLDs were found in them. Skipping unneeded JARs during scanning can improve startup time and JSP compilation time.
12-Apr-2018 11:51:04.300 INFO [localhost-startStop-1] org.apache.catalina.startup.HostConfig.deployDirectory Deployment of web application directory C:\Users\tom\Documents\Cours\bdd\TP3.4b\tomcat8\webapps\vide has finished in 313 ms
12-Apr-2018 11:51:04.304 INFO [main] org.apache.coyote.AbstractProtocol.start Starting ProtocolHandler ["http-nio-8080"]
12-Apr-2018 11:51:04.310 INFO [main] org.apache.coyote.AbstractProtocol.start Starting ProtocolHandler ["ajp-nio-8009"]
12-Apr-2018 11:51:04.311 INFO [main] org.apache.catalina.startup.Catalina.start Server startup in 1972 ms
12-Apr-2018 11:51:29.665 INFO [Thread-5] org.apache.coyote.AbstractProtocol.pause Pausing ProtocolHandler ["http-nio-8080"]
12-Apr-2018 11:51:29.775 INFO [Thread-5] org.apache.coyote.AbstractProtocol.pause Pausing ProtocolHandler ["ajp-nio-8009"]
12-Apr-2018 11:51:29.827 INFO [Thread-5] org.apache.catalina.core.StandardService.stopInternal Arrêt du service Catalina
12-Apr-2018 11:51:29.956 INFO [Thread-5] org.apache.coyote.AbstractProtocol.stop Stopping ProtocolHandler ["http-nio-8080"]
12-Apr-2018 11:51:29.959 INFO [Thread-5] org.apache.coyote.AbstractProtocol.stop Stopping ProtocolHandler ["ajp-nio-8009"]
12-Apr-2018 11:51:29.976 INFO [Thread-5] org.apache.coyote.AbstractProtocol.destroy Destroying ProtocolHandler ["http-nio-8080"]
12-Apr-2018 11:51:29.978 INFO [Thread-5] org.apache.coyote.AbstractProtocol.destroy Destroying ProtocolHandler ["ajp-nio-8009"]
12-Apr-2018 11:51:58.914 INFO [main] org.apache.catalina.core.AprLifecycleListener.init The APR based Apache Tomcat Native library which allows optimal performance in production environments was not found on the java.library.path: C:\Program Files\Java\jdk1.8.0_121\bin;C:\WINDOWS\Sun\Java\bin;C:\WINDOWS\system32;C:\WINDOWS;C:\Program Files (x86)\Intel\iCLS Client\;C:\ProgramData\Oracle\Java\javapath;C:\Program Files\Intel\iCLS Client\;C:\windows\system32;C:\windows;C:\windows\System32\Wbem;C:\windows\System32\WindowsPowerShell\v1.0\;C:\Program Files (x86)\NVIDIA Corporation\PhysX\Common;C:\WINDOWS\system32;C:\WINDOWS;C:\WINDOWS\System32\Wbem;C:\WINDOWS\System32\WindowsPowerShell\v1.0\;C:\Program Files\Git\cmd;C:\Program Files (x86)\Skype\Phone\;C:\Program Files\Intel\WiFi\bin\;C:\Program Files\Common Files\Intel\WirelessCommon\;C:\Program Files (x86)\OpenVPN\bin;C:\Program Files (x86)\Intel\Intel(R) Management Engine Components\DAL;C:\Program Files\Intel\Intel(R) Management Engine Components\DAL;C:\Program Files (x86)\Intel\Intel(R) Management Engine Components\IPT;C:\Program Files\Intel\Intel(R) Management Engine Components\IPT;C:\Program Files\Java\jdk1.8.0_121\bin;C:\Program Files (x86)\Apache\apache-maven\apache-maven-3.5.3\bin;C:\Program Files (x86)\Apache\sqlite;C:\Users\tom\AppData\Local\Microsoft\WindowsApps;;.
12-Apr-2018 11:51:59.087 INFO [main] org.apache.coyote.AbstractProtocol.init Initializing ProtocolHandler ["http-nio-8080"]
12-Apr-2018 11:51:59.260 INFO [main] org.apache.tomcat.util.net.NioSelectorPool.getSharedSelector Using a shared selector for servlet write/read
12-Apr-2018 11:51:59.263 INFO [main] org.apache.coyote.AbstractProtocol.init Initializing ProtocolHandler ["ajp-nio-8009"]
12-Apr-2018 11:51:59.264 INFO [main] org.apache.tomcat.util.net.NioSelectorPool.getSharedSelector Using a shared selector for servlet write/read
12-Apr-2018 11:51:59.264 INFO [main] org.apache.catalina.startup.Catalina.load Initialization processed in 587 ms
12-Apr-2018 11:51:59.287 INFO [main] org.apache.catalina.core.StandardService.startInternal Démarrage du service Catalina
12-Apr-2018 11:51:59.287 INFO [main] org.apache.catalina.core.StandardEngine.startInternal Starting Servlet Engine: Apache Tomcat/8.0.12
12-Apr-2018 11:51:59.295 INFO [localhost-startStop-1] org.apache.catalina.startup.HostConfig.deployDirectory Déploiement du répertoire C:\Users\tom\Documents\Cours\bdd\TP3.4b\tomcat8\webapps\host-manager de l'application web
12-Apr-2018 11:51:59.569 INFO [localhost-startStop-1] org.apache.jasper.servlet.TldScanner.scanJars At least one JAR was scanned for TLDs yet contained no TLDs. Enable debug logging for this logger for a complete list of JARs that were scanned but no TLDs were found in them. Skipping unneeded JARs during scanning can improve startup time and JSP compilation time.
12-Apr-2018 11:51:59.613 INFO [localhost-startStop-1] org.apache.catalina.startup.HostConfig.deployDirectory Deployment of web application directory C:\Users\tom\Documents\Cours\bdd\TP3.4b\tomcat8\webapps\host-manager has finished in 317 ms
12-Apr-2018 11:51:59.615 INFO [localhost-startStop-1] org.apache.catalina.startup.HostConfig.deployDirectory Déploiement du répertoire C:\Users\tom\Documents\Cours\bdd\TP3.4b\tomcat8\webapps\manager de l'application web
12-Apr-2018 11:51:59.719 INFO [localhost-startStop-1] org.apache.jasper.servlet.TldScanner.scanJars At least one JAR was scanned for TLDs yet contained no TLDs. Enable debug logging for this logger for a complete list of JARs that were scanned but no TLDs were found in them. Skipping unneeded JARs during scanning can improve startup time and JSP compilation time.
12-Apr-2018 11:51:59.722 INFO [localhost-startStop-1] org.apache.catalina.startup.HostConfig.deployDirectory Deployment of web application directory C:\Users\tom\Documents\Cours\bdd\TP3.4b\tomcat8\webapps\manager has finished in 107 ms
12-Apr-2018 11:51:59.722 INFO [localhost-startStop-1] org.apache.catalina.startup.HostConfig.deployDirectory Déploiement du répertoire C:\Users\tom\Documents\Cours\bdd\TP3.4b\tomcat8\webapps\ROOT de l'application web
12-Apr-2018 11:51:59.815 INFO [localhost-startStop-1] org.apache.jasper.servlet.TldScanner.scanJars At least one JAR was scanned for TLDs yet contained no TLDs. Enable debug logging for this logger for a complete list of JARs that were scanned but no TLDs were found in them. Skipping unneeded JARs during scanning can improve startup time and JSP compilation time.
12-Apr-2018 11:51:59.819 INFO [localhost-startStop-1] org.apache.catalina.startup.HostConfig.deployDirectory Deployment of web application directory C:\Users\tom\Documents\Cours\bdd\TP3.4b\tomcat8\webapps\ROOT has finished in 96 ms
12-Apr-2018 11:51:59.819 INFO [localhost-startStop-1] org.apache.catalina.startup.HostConfig.deployDirectory Déploiement du répertoire C:\Users\tom\Documents\Cours\bdd\TP3.4b\tomcat8\webapps\tp37 de l'application web
12-Apr-2018 11:51:59.931 INFO [localhost-startStop-1] org.apache.jasper.servlet.TldScanner.scanJars At least one JAR was scanned for TLDs yet contained no TLDs. Enable debug logging for this logger for a complete list of JARs that were scanned but no TLDs were found in them. Skipping unneeded JARs during scanning can improve startup time and JSP compilation time.
12-Apr-2018 11:51:59.936 INFO [localhost-startStop-1] org.apache.catalina.startup.HostConfig.deployDirectory Deployment of web application directory C:\Users\tom\Documents\Cours\bdd\TP3.4b\tomcat8\webapps\tp37 has finished in 117 ms
12-Apr-2018 11:51:59.937 INFO [localhost-startStop-1] org.apache.catalina.startup.HostConfig.deployDirectory Déploiement du répertoire C:\Users\tom\Documents\Cours\bdd\TP3.4b\tomcat8\webapps\vide de l'application web
12-Apr-2018 11:52:00.044 INFO [localhost-startStop-1] org.apache.jasper.servlet.TldScanner.scanJars At least one JAR was scanned for TLDs yet contained no TLDs. Enable debug logging for this logger for a complete list of JARs that were scanned but no TLDs were found in them. Skipping unneeded JARs during scanning can improve startup time and JSP compilation time.
12-Apr-2018 11:52:00.045 INFO [localhost-startStop-1] org.apache.catalina.startup.HostConfig.deployDirectory Deployment of web application directory C:\Users\tom\Documents\Cours\bdd\TP3.4b\tomcat8\webapps\vide has finished in 108 ms
12-Apr-2018 11:52:00.047 INFO [main] org.apache.coyote.AbstractProtocol.start Starting ProtocolHandler ["http-nio-8080"]
12-Apr-2018 11:52:00.055 INFO [main] org.apache.coyote.AbstractProtocol.start Starting ProtocolHandler ["ajp-nio-8009"]
12-Apr-2018 11:52:00.056 INFO [main] org.apache.catalina.startup.Catalina.start Server startup in 790 ms
12-Apr-2018 11:54:29.090 INFO [Thread-5] org.apache.coyote.AbstractProtocol.pause Pausing ProtocolHandler ["http-nio-8080"]
12-Apr-2018 11:54:29.150 INFO [Thread-5] org.apache.coyote.AbstractProtocol.pause Pausing ProtocolHandler ["ajp-nio-8009"]
12-Apr-2018 11:54:29.152 INFO [Thread-5] org.apache.catalina.core.StandardService.stopInternal Arrêt du service Catalina
12-Apr-2018 11:54:29.199 INFO [Thread-5] org.apache.coyote.AbstractProtocol.stop Stopping ProtocolHandler ["http-nio-8080"]
12-Apr-2018 11:54:29.222 INFO [Thread-5] org.apache.coyote.AbstractProtocol.stop Stopping ProtocolHandler ["ajp-nio-8009"]
12-Apr-2018 11:54:29.224 INFO [Thread-5] org.apache.coyote.AbstractProtocol.destroy Destroying ProtocolHandler ["http-nio-8080"]
12-Apr-2018 11:54:29.225 INFO [Thread-5] org.apache.coyote.AbstractProtocol.destroy Destroying ProtocolHandler ["ajp-nio-8009"]
12-Apr-2018 11:54:32.250 INFO [main] org.apache.catalina.core.AprLifecycleListener.init The APR based Apache Tomcat Native library which allows optimal performance in production environments was not found on the java.library.path: C:\Program Files\Java\jdk1.8.0_121\bin;C:\WINDOWS\Sun\Java\bin;C:\WINDOWS\system32;C:\WINDOWS;C:\Program Files (x86)\Intel\iCLS Client\;C:\ProgramData\Oracle\Java\javapath;C:\Program Files\Intel\iCLS Client\;C:\windows\system32;C:\windows;C:\windows\System32\Wbem;C:\windows\System32\WindowsPowerShell\v1.0\;C:\Program Files (x86)\NVIDIA Corporation\PhysX\Common;C:\WINDOWS\system32;C:\WINDOWS;C:\WINDOWS\System32\Wbem;C:\WINDOWS\System32\WindowsPowerShell\v1.0\;C:\Program Files\Git\cmd;C:\Program Files (x86)\Skype\Phone\;C:\Program Files\Intel\WiFi\bin\;C:\Program Files\Common Files\Intel\WirelessCommon\;C:\Program Files (x86)\OpenVPN\bin;C:\Program Files (x86)\Intel\Intel(R) Management Engine Components\DAL;C:\Program Files\Intel\Intel(R) Management Engine Components\DAL;C:\Program Files (x86)\Intel\Intel(R) Management Engine Components\IPT;C:\Program Files\Intel\Intel(R) Management Engine Components\IPT;C:\Program Files\Java\jdk1.8.0_121\bin;C:\Program Files (x86)\Apache\apache-maven\apache-maven-3.5.3\bin;C:\Program Files (x86)\Apache\sqlite;C:\Users\tom\AppData\Local\Microsoft\WindowsApps;;.
12-Apr-2018 11:54:32.903 INFO [main] org.apache.coyote.AbstractProtocol.init Initializing ProtocolHandler ["http-nio-8080"]
12-Apr-2018 11:54:33.082 INFO [main] org.apache.tomcat.util.net.NioSelectorPool.getSharedSelector Using a shared selector for servlet write/read
12-Apr-2018 11:54:33.084 INFO [main] org.apache.coyote.AbstractProtocol.init Initializing ProtocolHandler ["ajp-nio-8009"]
12-Apr-2018 11:54:33.086 INFO [main] org.apache.tomcat.util.net.NioSelectorPool.getSharedSelector Using a shared selector for servlet write/read
12-Apr-2018 11:54:33.086 INFO [main] org.apache.catalina.startup.Catalina.load Initialization processed in 1174 ms
12-Apr-2018 11:54:33.107 INFO [main] org.apache.catalina.core.StandardService.startInternal Démarrage du service Catalina
12-Apr-2018 11:54:33.107 INFO [main] org.apache.catalina.core.StandardEngine.startInternal Starting Servlet Engine: Apache Tomcat/8.0.12
12-Apr-2018 11:54:33.115 INFO [localhost-startStop-1] org.apache.catalina.startup.HostConfig.deployDirectory Déploiement du répertoire C:\Users\tom\Documents\Cours\bdd\TP3.4b\tomcat8\webapps\host-manager de l'application web
12-Apr-2018 11:54:33.438 INFO [localhost-startStop-1] org.apache.jasper.servlet.TldScanner.scanJars At least one JAR was scanned for TLDs yet contained no TLDs. Enable debug logging for this logger for a complete list of JARs that were scanned but no TLDs were found in them. Skipping unneeded JARs during scanning can improve startup time and JSP compilation time.
12-Apr-2018 11:54:33.480 INFO [localhost-startStop-1] org.apache.catalina.startup.HostConfig.deployDirectory Deployment of web application directory C:\Users\tom\Documents\Cours\bdd\TP3.4b\tomcat8\webapps\host-manager has finished in 364 ms
12-Apr-2018 11:54:33.481 INFO [localhost-startStop-1] org.apache.catalina.startup.HostConfig.deployDirectory Déploiement du répertoire C:\Users\tom\Documents\Cours\bdd\TP3.4b\tomcat8\webapps\manager de l'application web
12-Apr-2018 11:54:33.601 INFO [localhost-startStop-1] org.apache.jasper.servlet.TldScanner.scanJars At least one JAR was scanned for TLDs yet contained no TLDs. Enable debug logging for this logger for a complete list of JARs that were scanned but no TLDs were found in them. Skipping unneeded JARs during scanning can improve startup time and JSP compilation time.
12-Apr-2018 11:54:33.603 INFO [localhost-startStop-1] org.apache.catalina.startup.HostConfig.deployDirectory Deployment of web application directory C:\Users\tom\Documents\Cours\bdd\TP3.4b\tomcat8\webapps\manager has finished in 122 ms
12-Apr-2018 11:54:33.605 INFO [localhost-startStop-1] org.apache.catalina.startup.HostConfig.deployDirectory Déploiement du répertoire C:\Users\tom\Documents\Cours\bdd\TP3.4b\tomcat8\webapps\ROOT de l'application web
12-Apr-2018 11:54:33.713 INFO [localhost-startStop-1] org.apache.jasper.servlet.TldScanner.scanJars At least one JAR was scanned for TLDs yet contained no TLDs. Enable debug logging for this logger for a complete list of JARs that were scanned but no TLDs were found in them. Skipping unneeded JARs during scanning can improve startup time and JSP compilation time.
12-Apr-2018 11:54:33.715 INFO [localhost-startStop-1] org.apache.catalina.startup.HostConfig.deployDirectory Deployment of web application directory C:\Users\tom\Documents\Cours\bdd\TP3.4b\tomcat8\webapps\ROOT has finished in 111 ms
12-Apr-2018 11:54:33.716 INFO [localhost-startStop-1] org.apache.catalina.startup.HostConfig.deployDirectory Déploiement du répertoire C:\Users\tom\Documents\Cours\bdd\TP3.4b\tomcat8\webapps\tp37 de l'application web
12-Apr-2018 11:54:33.879 INFO [localhost-startStop-1] org.apache.jasper.servlet.TldScanner.scanJars At least one JAR was scanned for TLDs yet contained no TLDs. Enable debug logging for this logger for a complete list of JARs that were scanned but no TLDs were found in them. Skipping unneeded JARs during scanning can improve startup time and JSP compilation time.
12-Apr-2018 11:54:33.884 INFO [localhost-startStop-1] org.apache.catalina.startup.HostConfig.deployDirectory Deployment of web application directory C:\Users\tom\Documents\Cours\bdd\TP3.4b\tomcat8\webapps\tp37 has finished in 168 ms
12-Apr-2018 11:54:33.885 INFO [localhost-startStop-1] org.apache.catalina.startup.HostConfig.deployDirectory Déploiement du répertoire C:\Users\tom\Documents\Cours\bdd\TP3.4b\tomcat8\webapps\vide de l'application web
12-Apr-2018 11:54:34.096 INFO [localhost-startStop-1] org.apache.jasper.servlet.TldScanner.scanJars At least one JAR was scanned for TLDs yet contained no TLDs. Enable debug logging for this logger for a complete list of JARs that were scanned but no TLDs were found in them. Skipping unneeded JARs during scanning can improve startup time and JSP compilation time.
12-Apr-2018 11:54:34.099 INFO [localhost-startStop-1] org.apache.catalina.startup.HostConfig.deployDirectory Deployment of web application directory C:\Users\tom\Documents\Cours\bdd\TP3.4b\tomcat8\webapps\vide has finished in 214 ms
12-Apr-2018 11:54:34.101 INFO [main] org.apache.coyote.AbstractProtocol.start Starting ProtocolHandler ["http-nio-8080"]
12-Apr-2018 11:54:34.109 INFO [main] org.apache.coyote.AbstractProtocol.start Starting ProtocolHandler ["ajp-nio-8009"]
12-Apr-2018 11:54:34.111 INFO [main] org.apache.catalina.startup.Catalina.start Server startup in 1024 ms
12-Apr-2018 11:59:04.276 INFO [Thread-5] org.apache.coyote.AbstractProtocol.pause Pausing ProtocolHandler ["http-nio-8080"]
12-Apr-2018 11:59:04.336 INFO [Thread-5] org.apache.coyote.AbstractProtocol.pause Pausing ProtocolHandler ["ajp-nio-8009"]
12-Apr-2018 11:59:04.338 INFO [Thread-5] org.apache.catalina.core.StandardService.stopInternal Arrêt du service Catalina
12-Apr-2018 11:59:04.480 INFO [Thread-5] org.apache.coyote.AbstractProtocol.stop Stopping ProtocolHandler ["http-nio-8080"]
12-Apr-2018 11:59:04.482 INFO [Thread-5] org.apache.coyote.AbstractProtocol.stop Stopping ProtocolHandler ["ajp-nio-8009"]
12-Apr-2018 11:59:04.484 INFO [Thread-5] org.apache.coyote.AbstractProtocol.destroy Destroying ProtocolHandler ["http-nio-8080"]
12-Apr-2018 11:59:04.485 INFO [Thread-5] org.apache.coyote.AbstractProtocol.destroy Destroying ProtocolHandler ["ajp-nio-8009"]
