15-Dec-2017 08:53:22.127 INFO [main] org.apache.catalina.core.AprLifecycleListener.init The APR based Apache Tomcat Native library which allows optimal performance in production environments was not found on the java.library.path: /usr/java/packages/lib/amd64:/usr/lib64:/lib64:/lib:/usr/lib
15-Dec-2017 08:53:22.311 INFO [main] org.apache.coyote.AbstractProtocol.init Initializing ProtocolHandler ["http-nio-8080"]
15-Dec-2017 08:53:22.325 INFO [main] org.apache.tomcat.util.net.NioSelectorPool.getSharedSelector Using a shared selector for servlet write/read
15-Dec-2017 08:53:22.327 INFO [main] org.apache.coyote.AbstractProtocol.init Initializing ProtocolHandler ["ajp-nio-8009"]
15-Dec-2017 08:53:22.328 INFO [main] org.apache.tomcat.util.net.NioSelectorPool.getSharedSelector Using a shared selector for servlet write/read
15-Dec-2017 08:53:22.328 INFO [main] org.apache.catalina.startup.Catalina.load Initialization processed in 440 ms
15-Dec-2017 08:53:22.347 INFO [main] org.apache.catalina.core.StandardService.startInternal Démarrage du service Catalina
15-Dec-2017 08:53:22.347 INFO [main] org.apache.catalina.core.StandardEngine.startInternal Starting Servlet Engine: Apache Tomcat/8.0.12
15-Dec-2017 08:53:22.356 INFO [localhost-startStop-1] org.apache.catalina.startup.HostConfig.deployDirectory Déploiement du répertoire /home/infoetu/marchant/bdd/TP3.4b/tomcat8/webapps/ROOT de l'application web
15-Dec-2017 08:53:22.550 INFO [localhost-startStop-1] org.apache.jasper.servlet.TldScanner.scanJars At least one JAR was scanned for TLDs yet contained no TLDs. Enable debug logging for this logger for a complete list of JARs that were scanned but no TLDs were found in them. Skipping unneeded JARs during scanning can improve startup time and JSP compilation time.
15-Dec-2017 08:53:22.596 INFO [localhost-startStop-1] org.apache.catalina.startup.HostConfig.deployDirectory Deployment of web application directory /home/infoetu/marchant/bdd/TP3.4b/tomcat8/webapps/ROOT has finished in 237 ms
15-Dec-2017 08:53:22.596 INFO [localhost-startStop-1] org.apache.catalina.startup.HostConfig.deployDirectory Déploiement du répertoire /home/infoetu/marchant/bdd/TP3.4b/tomcat8/webapps/tp37 de l'application web
15-Dec-2017 08:53:22.699 INFO [localhost-startStop-1] org.apache.jasper.servlet.TldScanner.scanJars At least one JAR was scanned for TLDs yet contained no TLDs. Enable debug logging for this logger for a complete list of JARs that were scanned but no TLDs were found in them. Skipping unneeded JARs during scanning can improve startup time and JSP compilation time.
15-Dec-2017 08:53:22.705 INFO [localhost-startStop-1] org.apache.catalina.startup.HostConfig.deployDirectory Deployment of web application directory /home/infoetu/marchant/bdd/TP3.4b/tomcat8/webapps/tp37 has finished in 109 ms
15-Dec-2017 08:53:22.705 INFO [localhost-startStop-1] org.apache.catalina.startup.HostConfig.deployDirectory Déploiement du répertoire /home/infoetu/marchant/bdd/TP3.4b/tomcat8/webapps/vide de l'application web
15-Dec-2017 08:53:22.916 INFO [localhost-startStop-1] org.apache.jasper.servlet.TldScanner.scanJars At least one JAR was scanned for TLDs yet contained no TLDs. Enable debug logging for this logger for a complete list of JARs that were scanned but no TLDs were found in them. Skipping unneeded JARs during scanning can improve startup time and JSP compilation time.
15-Dec-2017 08:53:22.929 INFO [localhost-startStop-1] org.apache.catalina.startup.HostConfig.deployDirectory Deployment of web application directory /home/infoetu/marchant/bdd/TP3.4b/tomcat8/webapps/vide has finished in 224 ms
15-Dec-2017 08:53:22.929 INFO [localhost-startStop-1] org.apache.catalina.startup.HostConfig.deployDirectory Déploiement du répertoire /home/infoetu/marchant/bdd/TP3.4b/tomcat8/webapps/manager de l'application web
15-Dec-2017 08:53:22.984 INFO [localhost-startStop-1] org.apache.jasper.servlet.TldScanner.scanJars At least one JAR was scanned for TLDs yet contained no TLDs. Enable debug logging for this logger for a complete list of JARs that were scanned but no TLDs were found in them. Skipping unneeded JARs during scanning can improve startup time and JSP compilation time.
15-Dec-2017 08:53:22.987 INFO [localhost-startStop-1] org.apache.catalina.startup.HostConfig.deployDirectory Deployment of web application directory /home/infoetu/marchant/bdd/TP3.4b/tomcat8/webapps/manager has finished in 58 ms
15-Dec-2017 08:53:22.987 INFO [localhost-startStop-1] org.apache.catalina.startup.HostConfig.deployDirectory Déploiement du répertoire /home/infoetu/marchant/bdd/TP3.4b/tomcat8/webapps/host-manager de l'application web
15-Dec-2017 08:53:23.038 INFO [localhost-startStop-1] org.apache.jasper.servlet.TldScanner.scanJars At least one JAR was scanned for TLDs yet contained no TLDs. Enable debug logging for this logger for a complete list of JARs that were scanned but no TLDs were found in them. Skipping unneeded JARs during scanning can improve startup time and JSP compilation time.
15-Dec-2017 08:53:23.040 INFO [localhost-startStop-1] org.apache.catalina.startup.HostConfig.deployDirectory Deployment of web application directory /home/infoetu/marchant/bdd/TP3.4b/tomcat8/webapps/host-manager has finished in 53 ms
15-Dec-2017 08:53:23.041 INFO [main] org.apache.coyote.AbstractProtocol.start Starting ProtocolHandler ["http-nio-8080"]
15-Dec-2017 08:53:23.045 INFO [main] org.apache.coyote.AbstractProtocol.start Starting ProtocolHandler ["ajp-nio-8009"]
15-Dec-2017 08:53:23.045 INFO [main] org.apache.catalina.startup.Catalina.start Server startup in 717 ms
15-Dec-2017 11:14:00.504 INFO [main] org.apache.catalina.core.AprLifecycleListener.init The APR based Apache Tomcat Native library which allows optimal performance in production environments was not found on the java.library.path: /usr/java/packages/lib/amd64:/usr/lib64:/lib64:/lib:/usr/lib
15-Dec-2017 11:14:00.647 INFO [main] org.apache.coyote.AbstractProtocol.init Initializing ProtocolHandler ["http-nio-8080"]
15-Dec-2017 11:14:00.655 INFO [main] org.apache.tomcat.util.net.NioSelectorPool.getSharedSelector Using a shared selector for servlet write/read
15-Dec-2017 11:14:00.657 INFO [main] org.apache.coyote.AbstractProtocol.init Initializing ProtocolHandler ["ajp-nio-8009"]
15-Dec-2017 11:14:00.658 INFO [main] org.apache.tomcat.util.net.NioSelectorPool.getSharedSelector Using a shared selector for servlet write/read
15-Dec-2017 11:14:00.658 INFO [main] org.apache.catalina.startup.Catalina.load Initialization processed in 380 ms
15-Dec-2017 11:14:00.677 INFO [main] org.apache.catalina.core.StandardService.startInternal Démarrage du service Catalina
15-Dec-2017 11:14:00.677 INFO [main] org.apache.catalina.core.StandardEngine.startInternal Starting Servlet Engine: Apache Tomcat/8.0.12
15-Dec-2017 11:14:00.689 INFO [localhost-startStop-1] org.apache.catalina.startup.HostConfig.deployDirectory Déploiement du répertoire /home/infoetu/marchant/bdd/TP3.4b/tomcat8/webapps/ROOT de l'application web
15-Dec-2017 11:14:00.892 INFO [localhost-startStop-1] org.apache.jasper.servlet.TldScanner.scanJars At least one JAR was scanned for TLDs yet contained no TLDs. Enable debug logging for this logger for a complete list of JARs that were scanned but no TLDs were found in them. Skipping unneeded JARs during scanning can improve startup time and JSP compilation time.
15-Dec-2017 11:14:00.927 INFO [localhost-startStop-1] org.apache.catalina.startup.HostConfig.deployDirectory Deployment of web application directory /home/infoetu/marchant/bdd/TP3.4b/tomcat8/webapps/ROOT has finished in 237 ms
15-Dec-2017 11:14:00.927 INFO [localhost-startStop-1] org.apache.catalina.startup.HostConfig.deployDirectory Déploiement du répertoire /home/infoetu/marchant/bdd/TP3.4b/tomcat8/webapps/tp37 de l'application web
15-Dec-2017 11:14:01.072 INFO [localhost-startStop-1] org.apache.jasper.servlet.TldScanner.scanJars At least one JAR was scanned for TLDs yet contained no TLDs. Enable debug logging for this logger for a complete list of JARs that were scanned but no TLDs were found in them. Skipping unneeded JARs during scanning can improve startup time and JSP compilation time.
15-Dec-2017 11:14:01.076 INFO [localhost-startStop-1] org.apache.catalina.startup.HostConfig.deployDirectory Deployment of web application directory /home/infoetu/marchant/bdd/TP3.4b/tomcat8/webapps/tp37 has finished in 149 ms
15-Dec-2017 11:14:01.076 INFO [localhost-startStop-1] org.apache.catalina.startup.HostConfig.deployDirectory Déploiement du répertoire /home/infoetu/marchant/bdd/TP3.4b/tomcat8/webapps/vide de l'application web
15-Dec-2017 11:14:01.547 INFO [localhost-startStop-1] org.apache.jasper.servlet.TldScanner.scanJars At least one JAR was scanned for TLDs yet contained no TLDs. Enable debug logging for this logger for a complete list of JARs that were scanned but no TLDs were found in them. Skipping unneeded JARs during scanning can improve startup time and JSP compilation time.
15-Dec-2017 11:14:01.550 INFO [localhost-startStop-1] org.apache.catalina.startup.HostConfig.deployDirectory Deployment of web application directory /home/infoetu/marchant/bdd/TP3.4b/tomcat8/webapps/vide has finished in 474 ms
15-Dec-2017 11:14:01.550 INFO [localhost-startStop-1] org.apache.catalina.startup.HostConfig.deployDirectory Déploiement du répertoire /home/infoetu/marchant/bdd/TP3.4b/tomcat8/webapps/manager de l'application web
15-Dec-2017 11:14:01.617 INFO [localhost-startStop-1] org.apache.jasper.servlet.TldScanner.scanJars At least one JAR was scanned for TLDs yet contained no TLDs. Enable debug logging for this logger for a complete list of JARs that were scanned but no TLDs were found in them. Skipping unneeded JARs during scanning can improve startup time and JSP compilation time.
15-Dec-2017 11:14:01.622 INFO [localhost-startStop-1] org.apache.catalina.startup.HostConfig.deployDirectory Deployment of web application directory /home/infoetu/marchant/bdd/TP3.4b/tomcat8/webapps/manager has finished in 72 ms
15-Dec-2017 11:14:01.622 INFO [localhost-startStop-1] org.apache.catalina.startup.HostConfig.deployDirectory Déploiement du répertoire /home/infoetu/marchant/bdd/TP3.4b/tomcat8/webapps/host-manager de l'application web
15-Dec-2017 11:14:01.684 INFO [localhost-startStop-1] org.apache.jasper.servlet.TldScanner.scanJars At least one JAR was scanned for TLDs yet contained no TLDs. Enable debug logging for this logger for a complete list of JARs that were scanned but no TLDs were found in them. Skipping unneeded JARs during scanning can improve startup time and JSP compilation time.
15-Dec-2017 11:14:01.686 INFO [localhost-startStop-1] org.apache.catalina.startup.HostConfig.deployDirectory Deployment of web application directory /home/infoetu/marchant/bdd/TP3.4b/tomcat8/webapps/host-manager has finished in 64 ms
15-Dec-2017 11:14:01.688 INFO [main] org.apache.coyote.AbstractProtocol.start Starting ProtocolHandler ["http-nio-8080"]
15-Dec-2017 11:14:01.691 INFO [main] org.apache.coyote.AbstractProtocol.start Starting ProtocolHandler ["ajp-nio-8009"]
15-Dec-2017 11:14:01.692 INFO [main] org.apache.catalina.startup.Catalina.start Server startup in 1033 ms
15-Dec-2017 11:56:57.610 INFO [Thread-5] org.apache.coyote.AbstractProtocol.pause Pausing ProtocolHandler ["http-nio-8080"]
15-Dec-2017 11:56:57.663 INFO [Thread-5] org.apache.coyote.AbstractProtocol.pause Pausing ProtocolHandler ["ajp-nio-8009"]
15-Dec-2017 11:56:57.715 INFO [Thread-5] org.apache.catalina.core.StandardService.stopInternal Arrêt du service Catalina
15-Dec-2017 11:56:57.733 INFO [Thread-5] org.apache.coyote.AbstractProtocol.stop Stopping ProtocolHandler ["http-nio-8080"]
15-Dec-2017 11:56:57.733 INFO [Thread-5] org.apache.coyote.AbstractProtocol.stop Stopping ProtocolHandler ["ajp-nio-8009"]
15-Dec-2017 11:56:57.734 INFO [Thread-5] org.apache.coyote.AbstractProtocol.destroy Destroying ProtocolHandler ["http-nio-8080"]
15-Dec-2017 11:56:57.734 INFO [Thread-5] org.apache.coyote.AbstractProtocol.destroy Destroying ProtocolHandler ["ajp-nio-8009"]
