21-May-2018 17:50:42.287 WARNING [ContainerBackgroundProcessor[StandardEngine[Catalina]]] org.apache.catalina.session.StandardSession.doWriteObject Impossible de sérialiser l'attribut de session routeLead pour la session EEAE19CECDCA557E43209EF761D7EF1E
 java.io.NotSerializableException: hitchhike.Adresse
	at java.io.ObjectOutputStream.writeObject0(ObjectOutputStream.java:1184)
	at java.io.ObjectOutputStream.defaultWriteFields(ObjectOutputStream.java:1548)
	at java.io.ObjectOutputStream.writeSerialData(ObjectOutputStream.java:1509)
	at java.io.ObjectOutputStream.writeOrdinaryObject(ObjectOutputStream.java:1432)
	at java.io.ObjectOutputStream.writeObject0(ObjectOutputStream.java:1178)
	at java.io.ObjectOutputStream.writeObject(ObjectOutputStream.java:348)
	at org.apache.catalina.session.StandardSession.doWriteObject(StandardSession.java:1710)
	at org.apache.catalina.session.StandardSession.writeObjectData(StandardSession.java:1116)
	at org.apache.catalina.session.StandardManager.doUnload(StandardManager.java:401)
	at org.apache.catalina.session.StandardManager.unload(StandardManager.java:320)
	at org.apache.catalina.session.StandardManager.stopInternal(StandardManager.java:487)
	at org.apache.catalina.util.LifecycleBase.stop(LifecycleBase.java:232)
	at org.apache.catalina.core.StandardContext.stopInternal(StandardContext.java:5388)
	at org.apache.catalina.util.LifecycleBase.stop(LifecycleBase.java:232)
	at org.apache.catalina.core.StandardContext.reload(StandardContext.java:3768)
	at org.apache.catalina.loader.WebappLoader.backgroundProcess(WebappLoader.java:293)
	at org.apache.catalina.core.StandardContext.backgroundProcess(StandardContext.java:5530)
	at org.apache.catalina.core.ContainerBase$ContainerBackgroundProcessor.processChildren(ContainerBase.java:1377)
	at org.apache.catalina.core.ContainerBase$ContainerBackgroundProcessor.processChildren(ContainerBase.java:1381)
	at org.apache.catalina.core.ContainerBase$ContainerBackgroundProcessor.processChildren(ContainerBase.java:1381)
	at org.apache.catalina.core.ContainerBase$ContainerBackgroundProcessor.run(ContainerBase.java:1349)
	at java.lang.Thread.run(Thread.java:745)

21-May-2018 18:07:33.463 WARNING [ContainerBackgroundProcessor[StandardEngine[Catalina]]] org.apache.catalina.session.StandardSession.doWriteObject Impossible de sérialiser l'attribut de session route pour la session 838FD18BF94137EE38A38C3207BE8BC8
 java.io.NotSerializableException: hitchhike.Adresse
	at java.io.ObjectOutputStream.writeObject0(ObjectOutputStream.java:1184)
	at java.io.ObjectOutputStream.defaultWriteFields(ObjectOutputStream.java:1548)
	at java.io.ObjectOutputStream.writeSerialData(ObjectOutputStream.java:1509)
	at java.io.ObjectOutputStream.writeOrdinaryObject(ObjectOutputStream.java:1432)
	at java.io.ObjectOutputStream.writeObject0(ObjectOutputStream.java:1178)
	at java.io.ObjectOutputStream.writeObject(ObjectOutputStream.java:348)
	at org.apache.catalina.session.StandardSession.doWriteObject(StandardSession.java:1710)
	at org.apache.catalina.session.StandardSession.writeObjectData(StandardSession.java:1116)
	at org.apache.catalina.session.StandardManager.doUnload(StandardManager.java:401)
	at org.apache.catalina.session.StandardManager.unload(StandardManager.java:320)
	at org.apache.catalina.session.StandardManager.stopInternal(StandardManager.java:487)
	at org.apache.catalina.util.LifecycleBase.stop(LifecycleBase.java:232)
	at org.apache.catalina.core.StandardContext.stopInternal(StandardContext.java:5388)
	at org.apache.catalina.util.LifecycleBase.stop(LifecycleBase.java:232)
	at org.apache.catalina.core.StandardContext.reload(StandardContext.java:3768)
	at org.apache.catalina.loader.WebappLoader.backgroundProcess(WebappLoader.java:293)
	at org.apache.catalina.core.StandardContext.backgroundProcess(StandardContext.java:5530)
	at org.apache.catalina.core.ContainerBase$ContainerBackgroundProcessor.processChildren(ContainerBase.java:1377)
	at org.apache.catalina.core.ContainerBase$ContainerBackgroundProcessor.processChildren(ContainerBase.java:1381)
	at org.apache.catalina.core.ContainerBase$ContainerBackgroundProcessor.processChildren(ContainerBase.java:1381)
	at org.apache.catalina.core.ContainerBase$ContainerBackgroundProcessor.run(ContainerBase.java:1349)
	at java.lang.Thread.run(Thread.java:745)

